{
  "stats": {
    "suites": 1,
    "tests": 2,
    "passes": 0,
    "pending": 0,
    "failures": 2,
    "start": "2024-06-26T13:23:26.895Z",
    "end": "2024-06-26T13:23:27.564Z",
    "duration": 669,
    "testsRegistered": 2,
    "passPercent": 0,
    "pendingPercent": 0,
    "other": 0,
    "hasOther": false,
    "skipped": 0,
    "hasSkipped": false
  },
  "results": [
    {
      "uuid": "4e9373f5-8394-44f1-8773-89b39caaa361",
      "title": "",
      "fullFile": "cypress\\e2e\\createUser.cy.js",
      "file": "cypress\\e2e\\createUser.cy.js",
      "beforeHooks": [],
      "afterHooks": [],
      "tests": [],
      "suites": [
        {
          "uuid": "b71b3504-052d-4df4-8386-c196d984cc81",
          "title": "Testing create_user API",
          "fullFile": "",
          "file": "",
          "beforeHooks": [],
          "afterHooks": [],
          "tests": [
            {
              "title": "TC_001_Validate_Create_User_with_valid_data",
              "fullTitle": "Testing create_user API TC_001_Validate_Create_User_with_valid_data",
              "timedOut": null,
              "duration": 363,
              "state": "failed",
              "speed": null,
              "pass": false,
              "fail": true,
              "pending": false,
              "context": null,
              "code": "cy.request({\n  method: 'POST',\n  url: 'http://localhost:3000/api/createUser',\n  body: userData.userData1\n}).then(response => {\n  expect(response.status).to.eq(201);\n  expect(response.body.success).to.be.true;\n  expect(response.body.message).to.equal('User created successfully');\n  expect(response.body).to.have.property('id');\n});",
              "err": {
                "message": "ReferenceError: userData is not defined",
                "estack": "ReferenceError: userData is not defined\n    at Context.eval (webpack://exbankingautomation/./cypress/e2e/createUser.cy.js:14:14)",
                "diff": null
              },
              "uuid": "dfba2957-323b-43ec-969e-fe62d68c1444",
              "parentUUID": "b71b3504-052d-4df4-8386-c196d984cc81",
              "isHook": false,
              "skipped": false
            },
            {
              "title": "TC_002_Validate_Create_User_with_Invalid_data",
              "fullTitle": "Testing create_user API TC_002_Validate_Create_User_with_Invalid_data",
              "timedOut": null,
              "duration": 164,
              "state": "failed",
              "speed": null,
              "pass": false,
              "fail": true,
              "pending": false,
              "context": null,
              "code": "cy.request({\n  method: 'POST',\n  url: 'http://localhost:3000/api/createUser',\n  body: userData.userData2\n}).then(response => {\n  expect(response.status).to.eq(400);\n  expect(response.body.success).to.be.false;\n});",
              "err": {
                "message": "ReferenceError: userData is not defined",
                "estack": "ReferenceError: userData is not defined\n    at Context.eval (webpack://exbankingautomation/./cypress/e2e/createUser.cy.js:27:14)",
                "diff": null
              },
              "uuid": "ea312d52-0d99-4877-8b2f-964ad6552e47",
              "parentUUID": "b71b3504-052d-4df4-8386-c196d984cc81",
              "isHook": false,
              "skipped": false
            }
          ],
          "suites": [],
          "passes": [],
          "failures": [
            "dfba2957-323b-43ec-969e-fe62d68c1444",
            "ea312d52-0d99-4877-8b2f-964ad6552e47"
          ],
          "pending": [],
          "skipped": [],
          "duration": 527,
          "root": false,
          "rootEmpty": false,
          "_timeout": 2000
        }
      ],
      "passes": [],
      "failures": [],
      "pending": [],
      "skipped": [],
      "duration": 0,
      "root": true,
      "rootEmpty": true,
      "_timeout": 2000
    }
  ],
  "meta": {
    "mocha": {
      "version": "7.0.1"
    },
    "mochawesome": {
      "options": {
        "quiet": false,
        "reportFilename": "mochawesome",
        "saveHtml": true,
        "saveJson": true,
        "consoleReporter": "spec",
        "useInlineDiffs": false,
        "code": true
      },
      "version": "7.1.3"
    },
    "marge": {
      "options": {
        "reportDir": "cypress/reports",
        "overwrite": false,
        "html": true,
        "json": true
      },
      "version": "6.2.0"
    }
  }
}