{
  "stats": {
    "suites": 1,
    "tests": 3,
    "passes": 1,
    "pending": 0,
    "failures": 2,
    "start": "2024-06-26T15:41:55.195Z",
    "end": "2024-06-26T15:41:55.963Z",
    "duration": 768,
    "testsRegistered": 3,
    "passPercent": 33.33333333333333,
    "pendingPercent": 0,
    "other": 0,
    "hasOther": false,
    "skipped": 0,
    "hasSkipped": false
  },
  "results": [
    {
      "uuid": "ad516a01-2229-420c-bdbd-e3a5aa889fa8",
      "title": "",
      "fullFile": "cypress\\e2e\\createUser.cy.js",
      "file": "cypress\\e2e\\createUser.cy.js",
      "beforeHooks": [],
      "afterHooks": [],
      "tests": [],
      "suites": [
        {
          "uuid": "a832df1b-778f-4e5d-8206-e2da2fa11afb",
          "title": "Testing create_user API",
          "fullFile": "",
          "file": "",
          "beforeHooks": [],
          "afterHooks": [],
          "tests": [
            {
              "title": "TC_001_Validate_Create_User_with_valid_data",
              "fullTitle": "Testing create_user API TC_001_Validate_Create_User_with_valid_data",
              "timedOut": null,
              "duration": 88,
              "state": "passed",
              "speed": "fast",
              "pass": true,
              "fail": false,
              "pending": false,
              "context": null,
              "code": "cy.fixture('createUser').then(function (userData) {\n  this.userData = userData;\n  cy.request('POST', '/api/createUser', this.userData.userData1).then(response => {\n    expect(response.status).to.eq(201);\n    expect(response.body.success).to.be.true;\n    expect(response.body.message).to.equal('User created successfully');\n    expect(response.body).to.have.property('id');\n  });\n});",
              "err": {},
              "uuid": "e4d41940-f549-4c47-a8bd-cc5a2cb181f5",
              "parentUUID": "a832df1b-778f-4e5d-8206-e2da2fa11afb",
              "isHook": false,
              "skipped": false
            },
            {
              "title": "TC_002_Validate_Create_User_with_Missing_data",
              "fullTitle": "Testing create_user API TC_002_Validate_Create_User_with_Missing_data",
              "timedOut": null,
              "duration": 313,
              "state": "failed",
              "speed": null,
              "pass": false,
              "fail": true,
              "pending": false,
              "context": null,
              "code": "cy.fixture('createUser').then(userData => {\n  (void 0).userData = userData;\n  const url = '/api/createUser'; // Assuming this is your URL\n  console.log('URL:', url); // Add this line\n  cy.request('POST', url, (void 0).userData.userData2, {\n    failOnStatusCode: false\n  }).then(response => {\n    expect(response.status).to.eq(400);\n  });\n});",
              "err": {
                "message": "TypeError: Cannot set properties of undefined (setting 'userData')",
                "estack": "TypeError: Cannot set properties of undefined (setting 'userData')\n    at Context.eval (webpack://exbankingautomation/./cypress/e2e/createUser.cy.js:18:19)",
                "diff": null
              },
              "uuid": "21581cff-7f6a-4971-a9fc-3729a1bd7987",
              "parentUUID": "a832df1b-778f-4e5d-8206-e2da2fa11afb",
              "isHook": false,
              "skipped": false
            },
            {
              "title": "TC_002_Validate_Create_User_with_Invalid_data",
              "fullTitle": "Testing create_user API TC_002_Validate_Create_User_with_Invalid_data",
              "timedOut": null,
              "duration": 202,
              "state": "failed",
              "speed": null,
              "pass": false,
              "fail": true,
              "pending": false,
              "context": null,
              "code": "cy.fixture('createUser').then(function (userData) {\n  this.userData = userData;\n  cy.request('POST', '/api/createUser', this.userData.userData2, {\n    failOnStatusCode: false\n  }).then(response => {\n    expect(response.status).to.eq(400);\n    expect(response.body.success).to.be.false;\n  });\n});",
              "err": {
                "message": "CypressError: `cy.request()` requires a `url`. You did not provide a `url`.\n\nhttps://on.cypress.io/request",
                "estack": "CypressError: `cy.request()` requires a `url`. You did not provide a `url`.\n\nhttps://on.cypress.io/request\n    at Context.request (http://localhost:3000/__cypress/runner/cypress_runner.js:132548:70)\n    at wrapped (http://localhost:3000/__cypress/runner/cypress_runner.js:137986:43)\nFrom Your Spec Code:\n    at Context.eval (webpack://exbankingautomation/./cypress/e2e/createUser.cy.js:32:9)",
                "diff": null
              },
              "uuid": "71864c06-f821-4437-8099-e2a1bf5be580",
              "parentUUID": "a832df1b-778f-4e5d-8206-e2da2fa11afb",
              "isHook": false,
              "skipped": false
            }
          ],
          "suites": [],
          "passes": [
            "e4d41940-f549-4c47-a8bd-cc5a2cb181f5"
          ],
          "failures": [
            "21581cff-7f6a-4971-a9fc-3729a1bd7987",
            "71864c06-f821-4437-8099-e2a1bf5be580"
          ],
          "pending": [],
          "skipped": [],
          "duration": 603,
          "root": false,
          "rootEmpty": false,
          "_timeout": 2000
        }
      ],
      "passes": [],
      "failures": [],
      "pending": [],
      "skipped": [],
      "duration": 0,
      "root": true,
      "rootEmpty": true,
      "_timeout": 2000
    }
  ],
  "meta": {
    "mocha": {
      "version": "7.0.1"
    },
    "mochawesome": {
      "options": {
        "quiet": false,
        "reportFilename": "mochawesome",
        "saveHtml": true,
        "saveJson": true,
        "consoleReporter": "spec",
        "useInlineDiffs": false,
        "code": true
      },
      "version": "7.1.3"
    },
    "marge": {
      "options": {
        "reportDir": "cypress/reports",
        "overwrite": false,
        "html": true,
        "json": true
      },
      "version": "6.2.0"
    }
  }
}