{
  "stats": {
    "suites": 1,
    "tests": 2,
    "passes": 1,
    "pending": 0,
    "failures": 1,
    "start": "2024-06-26T15:37:38.541Z",
    "end": "2024-06-26T15:37:39.256Z",
    "duration": 715,
    "testsRegistered": 2,
    "passPercent": 50,
    "pendingPercent": 0,
    "other": 0,
    "hasOther": false,
    "skipped": 0,
    "hasSkipped": false
  },
  "results": [
    {
      "uuid": "4264abaf-b27d-44b4-9003-1a721177081f",
      "title": "",
      "fullFile": "cypress\\e2e\\createUser.cy.js",
      "file": "cypress\\e2e\\createUser.cy.js",
      "beforeHooks": [],
      "afterHooks": [],
      "tests": [],
      "suites": [
        {
          "uuid": "0f829c5d-73c3-4f2d-a9d6-b3ef409abf3b",
          "title": "Testing create_user API",
          "fullFile": "",
          "file": "",
          "beforeHooks": [],
          "afterHooks": [],
          "tests": [
            {
              "title": "TC_001_Validate_Create_User_with_valid_data",
              "fullTitle": "Testing create_user API TC_001_Validate_Create_User_with_valid_data",
              "timedOut": null,
              "duration": 121,
              "state": "passed",
              "speed": "fast",
              "pass": true,
              "fail": false,
              "pending": false,
              "context": null,
              "code": "cy.fixture('createUser').then(function (userData) {\n  this.userData = userData;\n  cy.request('POST', '/api/createUser', this.userData.userData1).then(response => {\n    expect(response.status).to.eq(201);\n    expect(response.body.success).to.be.true;\n    expect(response.body.message).to.equal('User created successfully');\n    expect(response.body).to.have.property('id');\n  });\n});",
              "err": {},
              "uuid": "a429d447-257f-4c4a-9fc2-806766322341",
              "parentUUID": "0f829c5d-73c3-4f2d-a9d6-b3ef409abf3b",
              "isHook": false,
              "skipped": false
            },
            {
              "title": "TC_002_Validate_Create_User_with_Invalid_data",
              "fullTitle": "Testing create_user API TC_002_Validate_Create_User_with_Invalid_data",
              "timedOut": null,
              "duration": 406,
              "state": "failed",
              "speed": null,
              "pass": false,
              "fail": true,
              "pending": false,
              "context": null,
              "code": "cy.fixture('createUser').then(userData => {\n  (void 0).userData = userData;\n  cy.request('POST', '/api/createUser', (void 0).userData.userData2, {\n    failOnStatusCode: false\n  }).then(response => {\n    expect(response.status).to.eq(400);\n    expect(response.body.success).to.be.false;\n  });\n});",
              "err": {
                "message": "TypeError: Cannot set properties of undefined (setting 'userData')",
                "estack": "TypeError: Cannot set properties of undefined (setting 'userData')\n    at Context.eval (webpack://exbankingautomation/./cypress/e2e/createUser.cy.js:18:21)",
                "diff": null
              },
              "uuid": "57b90ebb-f9f8-4272-81db-1ae46163b02e",
              "parentUUID": "0f829c5d-73c3-4f2d-a9d6-b3ef409abf3b",
              "isHook": false,
              "skipped": false
            }
          ],
          "suites": [],
          "passes": [
            "a429d447-257f-4c4a-9fc2-806766322341"
          ],
          "failures": [
            "57b90ebb-f9f8-4272-81db-1ae46163b02e"
          ],
          "pending": [],
          "skipped": [],
          "duration": 527,
          "root": false,
          "rootEmpty": false,
          "_timeout": 2000
        }
      ],
      "passes": [],
      "failures": [],
      "pending": [],
      "skipped": [],
      "duration": 0,
      "root": true,
      "rootEmpty": true,
      "_timeout": 2000
    }
  ],
  "meta": {
    "mocha": {
      "version": "7.0.1"
    },
    "mochawesome": {
      "options": {
        "quiet": false,
        "reportFilename": "mochawesome",
        "saveHtml": true,
        "saveJson": true,
        "consoleReporter": "spec",
        "useInlineDiffs": false,
        "code": true
      },
      "version": "7.1.3"
    },
    "marge": {
      "options": {
        "reportDir": "cypress/reports",
        "overwrite": false,
        "html": true,
        "json": true
      },
      "version": "6.2.0"
    }
  }
}