{
  "stats": {
    "suites": 1,
    "tests": 1,
    "passes": 0,
    "pending": 0,
    "failures": 1,
    "start": "2024-06-26T13:18:32.962Z",
    "end": "2024-06-26T13:18:33.428Z",
    "duration": 466,
    "testsRegistered": 2,
    "passPercent": 0,
    "pendingPercent": 0,
    "other": 0,
    "hasOther": false,
    "skipped": 1,
    "hasSkipped": true
  },
  "results": [
    {
      "uuid": "4b8bab54-cd39-401f-a133-204eaabf8f97",
      "title": "",
      "fullFile": "cypress\\e2e\\createUser.cy.js",
      "file": "cypress\\e2e\\createUser.cy.js",
      "beforeHooks": [],
      "afterHooks": [],
      "tests": [],
      "suites": [
        {
          "uuid": "f048fa72-cf1b-42c0-8e46-98b4a6a2ab86",
          "title": "Testing create_user API",
          "fullFile": "",
          "file": "",
          "beforeHooks": [],
          "afterHooks": [],
          "tests": [
            {
              "title": "TC_001_Validate_Create_User_with_valid_data",
              "fullTitle": "Testing create_user API TC_001_Validate_Create_User_with_valid_data",
              "timedOut": null,
              "duration": 372,
              "state": "failed",
              "speed": null,
              "pass": false,
              "fail": true,
              "pending": false,
              "context": null,
              "code": "cy.request({\n  method: 'POST',\n  url: 'http://localhost:3000/api/createUser',\n  body: data.userData1\n}).then(response => {\n  expect(response.status).to.eq(201);\n  expect(response.body.success).to.be.true;\n  expect(response.body.message).to.equal('User created successfully');\n  expect(response.body).to.have.property('id');\n});",
              "err": {
                "message": "TypeError: Cannot set properties of undefined (setting 'data')\n\nBecause this error occurred during a `before all` hook we are skipping the remaining tests in the current suite: `Testing create_user API`",
                "estack": "TypeError: Cannot set properties of undefined (setting 'data')\n\nBecause this error occurred during a `before all` hook we are skipping the remaining tests in the current suite: `Testing create_user API`\n    at Context.eval (webpack://exbankingautomation/./cypress/e2e/createUser.cy.js:6:15)",
                "diff": null
              },
              "uuid": "3fc6e691-2de3-4aa8-a200-0e27383ff6d7",
              "parentUUID": "f048fa72-cf1b-42c0-8e46-98b4a6a2ab86",
              "isHook": false,
              "skipped": false
            },
            {
              "title": "TC_002_Validate_Create_User_with_Invalid_data",
              "fullTitle": "Testing create_user API TC_002_Validate_Create_User_with_Invalid_data",
              "timedOut": null,
              "duration": 0,
              "state": "skipped",
              "speed": null,
              "pass": false,
              "fail": false,
              "pending": false,
              "context": null,
              "code": "cy.request({\n  method: 'POST',\n  url: 'http://localhost:3000/api/createUser',\n  body: data.userData2\n}).then(response => {\n  expect(response.status).to.eq(400);\n  expect(response.body.success).to.be.false;\n});",
              "err": {},
              "uuid": "d2947321-3e5f-435e-95d9-cd21583ec565",
              "parentUUID": "f048fa72-cf1b-42c0-8e46-98b4a6a2ab86",
              "isHook": false,
              "skipped": true
            }
          ],
          "suites": [],
          "passes": [],
          "failures": [
            "3fc6e691-2de3-4aa8-a200-0e27383ff6d7"
          ],
          "pending": [],
          "skipped": [
            "d2947321-3e5f-435e-95d9-cd21583ec565"
          ],
          "duration": 372,
          "root": false,
          "rootEmpty": false,
          "_timeout": 2000
        }
      ],
      "passes": [],
      "failures": [],
      "pending": [],
      "skipped": [],
      "duration": 0,
      "root": true,
      "rootEmpty": true,
      "_timeout": 2000
    }
  ],
  "meta": {
    "mocha": {
      "version": "7.0.1"
    },
    "mochawesome": {
      "options": {
        "quiet": false,
        "reportFilename": "mochawesome",
        "saveHtml": true,
        "saveJson": true,
        "consoleReporter": "spec",
        "useInlineDiffs": false,
        "code": true
      },
      "version": "7.1.3"
    },
    "marge": {
      "options": {
        "reportDir": "cypress/reports",
        "overwrite": false,
        "html": true,
        "json": true
      },
      "version": "6.2.0"
    }
  }
}