{
  "stats": {
    "suites": 1,
    "tests": 1,
    "passes": 0,
    "pending": 0,
    "failures": 1,
    "start": "2024-06-26T12:47:35.907Z",
    "end": "2024-06-26T12:47:36.343Z",
    "duration": 436,
    "testsRegistered": 2,
    "passPercent": 0,
    "pendingPercent": 0,
    "other": 0,
    "hasOther": false,
    "skipped": 1,
    "hasSkipped": true
  },
  "results": [
    {
      "uuid": "54aca715-cf1d-48f6-996b-3cc352d89194",
      "title": "",
      "fullFile": "cypress\\e2e\\createUser.cy.js",
      "file": "cypress\\e2e\\createUser.cy.js",
      "beforeHooks": [],
      "afterHooks": [],
      "tests": [],
      "suites": [
        {
          "uuid": "8600d24e-840b-4841-91c3-7d8b44508351",
          "title": "Testing create_user API",
          "fullFile": "",
          "file": "",
          "beforeHooks": [],
          "afterHooks": [],
          "tests": [
            {
              "title": "TC_001_Validate_Create_User_with_valid_data",
              "fullTitle": "Testing create_user API TC_001_Validate_Create_User_with_valid_data",
              "timedOut": null,
              "duration": 334,
              "state": "failed",
              "speed": null,
              "pass": false,
              "fail": true,
              "pending": false,
              "context": null,
              "code": "cy.request({\n  method: 'POST',\n  url: 'http://localhost:3000/api/createUser',\n  body: userData.userData1\n}).then(response => {\n  expect(response.status).to.eq(201);\n  expect(response.body.success).to.be.true;\n  expect(response.body.message).to.equal('User created successfully');\n  expect(response.body).to.have.property('id');\n});",
              "err": {
                "message": "Error: A fixture file could not be found at any of the following paths:\n\n    > cypress\\fixtures\\createUserData.json\n    > cypress\\fixtures\\createUserData.json.[ext]\n\nCypress looked for these file extensions at the provided path:\n\n    > .json, .js, .coffee, .html, .txt, .csv, .png, .jpg, .jpeg, .gif, .tif, .tiff, .zip\n\nProvide a path to an existing fixture file.\n\nBecause this error occurred during a `before each` hook we are skipping the remaining tests in the current suite: `Testing create_user API`",
                "estack": "Error: A fixture file could not be found at any of the following paths:\n\n    > cypress\\fixtures\\createUserData.json\n    > cypress\\fixtures\\createUserData.json.[ext]\n\nCypress looked for these file extensions at the provided path:\n\n    > .json, .js, .coffee, .html, .txt, .csv, .png, .jpg, .jpeg, .gif, .tif, .tiff, .zip\n\nProvide a path to an existing fixture file.\n\nBecause this error occurred during a `before each` hook we are skipping the remaining tests in the current suite: `Testing create_user API`\n    at Object.<anonymous> (<embedded>:2772:121341)\n    at Object.tryCatcher (C:\\Users\\Priyanka Bhatt\\AppData\\Local\\Cypress\\Cache\\13.12.0\\Cypress\\resources\\app\\node_modules\\bluebird\\js\\release\\util.js:16:23)\n    at Promise._settlePromiseFromHandler (C:\\Users\\Priyanka Bhatt\\AppData\\Local\\Cypress\\Cache\\13.12.0\\Cypress\\resources\\app\\node_modules\\bluebird\\js\\release\\promise.js:512:31)\n    at Promise._settlePromise (C:\\Users\\Priyanka Bhatt\\AppData\\Local\\Cypress\\Cache\\13.12.0\\Cypress\\resources\\app\\node_modules\\bluebird\\js\\release\\promise.js:569:18)\n    at Promise._settlePromise0 (C:\\Users\\Priyanka Bhatt\\AppData\\Local\\Cypress\\Cache\\13.12.0\\Cypress\\resources\\app\\node_modules\\bluebird\\js\\release\\promise.js:614:10)\n    at Promise._settlePromises (C:\\Users\\Priyanka Bhatt\\AppData\\Local\\Cypress\\Cache\\13.12.0\\Cypress\\resources\\app\\node_modules\\bluebird\\js\\release\\promise.js:694:18)\n    at Promise._fulfill (C:\\Users\\Priyanka Bhatt\\AppData\\Local\\Cypress\\Cache\\13.12.0\\Cypress\\resources\\app\\node_modules\\bluebird\\js\\release\\promise.js:638:18)\n    at C:\\Users\\Priyanka (Bhatt\\AppData\\Local\\Cypress\\Cache\\13.12.0\\Cypress\\resources\\app\\node_modules\\bluebird\\js\\release\\nodeback.js:42:21)\n    at s (<embedded>:202:107769)\n    at S.<anonymous> (<embedded>:2772:111131)\n    at S.emit (node:events:514:28)\n    at S._finish (<embedded>:2772:111998)\n    at i (<embedded>:2772:111394)\n    at S._processSimple2 (<embedded>:2772:117155)\n    at <unknown> (<embedded>:2772:117008)\n    at S._stat2 (<embedded>:2772:118073)\n    at <unknown> (<embedded>:2772:117920)\n    at s (<embedded>:1110:19687)\n    at s (<embedded>:202:107769)\n    at r (<embedded>:2888:13485)\n    at FSReqCallback.oncomplete (node:fs:210:21)",
                "diff": null
              },
              "uuid": "da53f686-387d-4872-8e49-4834e37e9886",
              "parentUUID": "8600d24e-840b-4841-91c3-7d8b44508351",
              "isHook": false,
              "skipped": false
            },
            {
              "title": "TC_002_Validate_Create_User_with_Invalid_data",
              "fullTitle": "Testing create_user API TC_002_Validate_Create_User_with_Invalid_data",
              "timedOut": null,
              "duration": 0,
              "state": "skipped",
              "speed": null,
              "pass": false,
              "fail": false,
              "pending": false,
              "context": null,
              "code": "cy.request({\n  method: 'POST',\n  url: 'http://localhost:3000/api/createUser',\n  body: userData.userData2\n}).then(response => {\n  expect(response.status).to.eq(400);\n  expect(response.body.success).to.be.false;\n});",
              "err": {},
              "uuid": "28235ed4-0914-44b5-af98-890fb48ae32b",
              "parentUUID": "8600d24e-840b-4841-91c3-7d8b44508351",
              "isHook": false,
              "skipped": true
            }
          ],
          "suites": [],
          "passes": [],
          "failures": [
            "da53f686-387d-4872-8e49-4834e37e9886"
          ],
          "pending": [],
          "skipped": [
            "28235ed4-0914-44b5-af98-890fb48ae32b"
          ],
          "duration": 334,
          "root": false,
          "rootEmpty": false,
          "_timeout": 2000
        }
      ],
      "passes": [],
      "failures": [],
      "pending": [],
      "skipped": [],
      "duration": 0,
      "root": true,
      "rootEmpty": true,
      "_timeout": 2000
    }
  ],
  "meta": {
    "mocha": {
      "version": "7.0.1"
    },
    "mochawesome": {
      "options": {
        "quiet": false,
        "reportFilename": "mochawesome",
        "saveHtml": true,
        "saveJson": true,
        "consoleReporter": "spec",
        "useInlineDiffs": false,
        "code": true
      },
      "version": "7.1.3"
    },
    "marge": {
      "options": {
        "reportDir": "cypress/reports",
        "overwrite": false,
        "html": true,
        "json": true
      },
      "version": "6.2.0"
    }
  }
}