{
  "stats": {
    "suites": 1,
    "tests": 3,
    "passes": 0,
    "pending": 0,
    "failures": 3,
    "start": "2024-06-26T15:55:22.724Z",
    "end": "2024-06-26T15:55:23.581Z",
    "duration": 857,
    "testsRegistered": 3,
    "passPercent": 0,
    "pendingPercent": 0,
    "other": 0,
    "hasOther": false,
    "skipped": 0,
    "hasSkipped": false
  },
  "results": [
    {
      "uuid": "371b9197-d3d6-4075-89c9-9d8c235a6700",
      "title": "",
      "fullFile": "cypress\\e2e\\createUser.cy.js",
      "file": "cypress\\e2e\\createUser.cy.js",
      "beforeHooks": [],
      "afterHooks": [],
      "tests": [],
      "suites": [
        {
          "uuid": "f048ba46-3f11-434e-8aa9-7405df011f4a",
          "title": "Testing create_user API",
          "fullFile": "",
          "file": "",
          "beforeHooks": [],
          "afterHooks": [],
          "tests": [
            {
              "title": "TC_001_Create_User_with_valid_data",
              "fullTitle": "Testing create_user API TC_001_Create_User_with_valid_data",
              "timedOut": null,
              "duration": 362,
              "state": "failed",
              "speed": null,
              "pass": false,
              "fail": true,
              "pending": false,
              "context": null,
              "code": "cy.fixture('createUser').then(function (userData) {\n  this.userData = userData;\n  cy.request('POST', '/api/createUser', this.userData.userData1).then(response => {\n    expect(response.status).to.eq(201);\n    expect(response.body.success).to.be.true;\n    expect(response.body.message).to.equal('User created successfully');\n    expect(response.body).to.have.property('id');\n  });\n});",
              "err": {
                "message": "Error: 'createUser' is not valid JSON.\nParse error on line 14:\n...\": \"passw0rd\"  }  \"userData3\": {    \n---------------------^\nExpecting 'EOF', '}', ',', ']', got 'STRING'",
                "estack": "Error: 'createUser' is not valid JSON.\nParse error on line 14:\n...\": \"passw0rd\"  }  \"userData3\": {    \n---------------------^\nExpecting 'EOF', '}', ',', ']', got 'STRING'\n    at Object.<anonymous> (<embedded>:2772:122492)\n    at Object.tryCatcher (C:\\Users\\Priyanka Bhatt\\AppData\\Local\\Cypress\\Cache\\13.12.0\\Cypress\\resources\\app\\node_modules\\bluebird\\js\\release\\util.js:16:23)\n    at Promise._settlePromiseFromHandler (C:\\Users\\Priyanka Bhatt\\AppData\\Local\\Cypress\\Cache\\13.12.0\\Cypress\\resources\\app\\node_modules\\bluebird\\js\\release\\promise.js:512:31)\n    at Promise._settlePromise (C:\\Users\\Priyanka Bhatt\\AppData\\Local\\Cypress\\Cache\\13.12.0\\Cypress\\resources\\app\\node_modules\\bluebird\\js\\release\\promise.js:569:18)\n    at Promise._settlePromise0 (C:\\Users\\Priyanka Bhatt\\AppData\\Local\\Cypress\\Cache\\13.12.0\\Cypress\\resources\\app\\node_modules\\bluebird\\js\\release\\promise.js:614:10)\n    at Promise._settlePromises (C:\\Users\\Priyanka Bhatt\\AppData\\Local\\Cypress\\Cache\\13.12.0\\Cypress\\resources\\app\\node_modules\\bluebird\\js\\release\\promise.js:690:18)\n    at _drainQueueStep (C:\\Users\\Priyanka Bhatt\\AppData\\Local\\Cypress\\Cache\\13.12.0\\Cypress\\resources\\app\\node_modules\\bluebird\\js\\release\\async.js:138:12)\n    at _drainQueue (C:\\Users\\Priyanka Bhatt\\AppData\\Local\\Cypress\\Cache\\13.12.0\\Cypress\\resources\\app\\node_modules\\bluebird\\js\\release\\async.js:131:9)\n    at Async._drainQueues (C:\\Users\\Priyanka Bhatt\\AppData\\Local\\Cypress\\Cache\\13.12.0\\Cypress\\resources\\app\\node_modules\\bluebird\\js\\release\\async.js:147:5)\n    at Immediate._onImmediate (C:\\Users\\Priyanka Bhatt\\AppData\\Local\\Cypress\\Cache\\13.12.0\\Cypress\\resources\\app\\node_modules\\bluebird\\js\\release\\async.js:17:14)\n    at process.processImmediate (node:internal/timers:476:21)",
                "diff": null
              },
              "uuid": "732dccaf-ba28-4f65-b75c-bb155da39493",
              "parentUUID": "f048ba46-3f11-434e-8aa9-7405df011f4a",
              "isHook": false,
              "skipped": false
            },
            {
              "title": "TC_002_Create_User_with_Missing_Argument",
              "fullTitle": "Testing create_user API TC_002_Create_User_with_Missing_Argument",
              "timedOut": null,
              "duration": 165,
              "state": "failed",
              "speed": null,
              "pass": false,
              "fail": true,
              "pending": false,
              "context": null,
              "code": "cy.fixture('createUser').then(function (userData) {\n  this.userData = userData;\n  cy.request({\n    method: 'POST',\n    url: '/api/createUser',\n    body: this.userData.userData2,\n    failOnStatusCode: false\n  }).then(response => {\n    expect(response.status).to.eq(400);\n    expect(response.body.success).to.be.false;\n    expect(response.body.message).contains(\"Missing required arguments\");\n  });\n});",
              "err": {
                "message": "Error: 'createUser' is not valid JSON.\nParse error on line 14:\n...\": \"passw0rd\"  }  \"userData3\": {    \n---------------------^\nExpecting 'EOF', '}', ',', ']', got 'STRING'",
                "estack": "Error: 'createUser' is not valid JSON.\nParse error on line 14:\n...\": \"passw0rd\"  }  \"userData3\": {    \n---------------------^\nExpecting 'EOF', '}', ',', ']', got 'STRING'\n    at Object.<anonymous> (<embedded>:2772:122492)\n    at Object.tryCatcher (C:\\Users\\Priyanka Bhatt\\AppData\\Local\\Cypress\\Cache\\13.12.0\\Cypress\\resources\\app\\node_modules\\bluebird\\js\\release\\util.js:16:23)\n    at Promise._settlePromiseFromHandler (C:\\Users\\Priyanka Bhatt\\AppData\\Local\\Cypress\\Cache\\13.12.0\\Cypress\\resources\\app\\node_modules\\bluebird\\js\\release\\promise.js:512:31)\n    at Promise._settlePromise (C:\\Users\\Priyanka Bhatt\\AppData\\Local\\Cypress\\Cache\\13.12.0\\Cypress\\resources\\app\\node_modules\\bluebird\\js\\release\\promise.js:569:18)\n    at Promise._settlePromise0 (C:\\Users\\Priyanka Bhatt\\AppData\\Local\\Cypress\\Cache\\13.12.0\\Cypress\\resources\\app\\node_modules\\bluebird\\js\\release\\promise.js:614:10)\n    at Promise._settlePromises (C:\\Users\\Priyanka Bhatt\\AppData\\Local\\Cypress\\Cache\\13.12.0\\Cypress\\resources\\app\\node_modules\\bluebird\\js\\release\\promise.js:690:18)\n    at _drainQueueStep (C:\\Users\\Priyanka Bhatt\\AppData\\Local\\Cypress\\Cache\\13.12.0\\Cypress\\resources\\app\\node_modules\\bluebird\\js\\release\\async.js:138:12)\n    at _drainQueue (C:\\Users\\Priyanka Bhatt\\AppData\\Local\\Cypress\\Cache\\13.12.0\\Cypress\\resources\\app\\node_modules\\bluebird\\js\\release\\async.js:131:9)\n    at Async._drainQueues (C:\\Users\\Priyanka Bhatt\\AppData\\Local\\Cypress\\Cache\\13.12.0\\Cypress\\resources\\app\\node_modules\\bluebird\\js\\release\\async.js:147:5)\n    at Immediate._onImmediate (C:\\Users\\Priyanka Bhatt\\AppData\\Local\\Cypress\\Cache\\13.12.0\\Cypress\\resources\\app\\node_modules\\bluebird\\js\\release\\async.js:17:14)\n    at process.processImmediate (node:internal/timers:476:21)",
                "diff": null
              },
              "uuid": "745573d7-fb71-4828-b904-e1f2377ba405",
              "parentUUID": "f048ba46-3f11-434e-8aa9-7405df011f4a",
              "isHook": false,
              "skipped": false
            },
            {
              "title": "TC_003_Create_User_with_Empty_Payload",
              "fullTitle": "Testing create_user API TC_003_Create_User_with_Empty_Payload",
              "timedOut": null,
              "duration": 190,
              "state": "failed",
              "speed": null,
              "pass": false,
              "fail": true,
              "pending": false,
              "context": null,
              "code": "cy.fixture('createUser').then(function (userData) {\n  this.userData = userData;\n  cy.request({\n    method: 'POST',\n    url: '/api/createUser',\n    body: this.userData.userData3,\n    failOnStatusCode: false\n  }).then(response => {\n    expect(response.status).to.eq(400);\n    expect(response.body.success).to.be.false;\n    expect(response.body.message).to.equal('Phone number must be equal to 10 characters');\n  });\n});",
              "err": {
                "message": "Error: 'createUser' is not valid JSON.\nParse error on line 14:\n...\": \"passw0rd\"  }  \"userData3\": {    \n---------------------^\nExpecting 'EOF', '}', ',', ']', got 'STRING'",
                "estack": "Error: 'createUser' is not valid JSON.\nParse error on line 14:\n...\": \"passw0rd\"  }  \"userData3\": {    \n---------------------^\nExpecting 'EOF', '}', ',', ']', got 'STRING'\n    at Object.<anonymous> (<embedded>:2772:122492)\n    at Object.tryCatcher (C:\\Users\\Priyanka Bhatt\\AppData\\Local\\Cypress\\Cache\\13.12.0\\Cypress\\resources\\app\\node_modules\\bluebird\\js\\release\\util.js:16:23)\n    at Promise._settlePromiseFromHandler (C:\\Users\\Priyanka Bhatt\\AppData\\Local\\Cypress\\Cache\\13.12.0\\Cypress\\resources\\app\\node_modules\\bluebird\\js\\release\\promise.js:512:31)\n    at Promise._settlePromise (C:\\Users\\Priyanka Bhatt\\AppData\\Local\\Cypress\\Cache\\13.12.0\\Cypress\\resources\\app\\node_modules\\bluebird\\js\\release\\promise.js:569:18)\n    at Promise._settlePromise0 (C:\\Users\\Priyanka Bhatt\\AppData\\Local\\Cypress\\Cache\\13.12.0\\Cypress\\resources\\app\\node_modules\\bluebird\\js\\release\\promise.js:614:10)\n    at Promise._settlePromises (C:\\Users\\Priyanka Bhatt\\AppData\\Local\\Cypress\\Cache\\13.12.0\\Cypress\\resources\\app\\node_modules\\bluebird\\js\\release\\promise.js:690:18)\n    at _drainQueueStep (C:\\Users\\Priyanka Bhatt\\AppData\\Local\\Cypress\\Cache\\13.12.0\\Cypress\\resources\\app\\node_modules\\bluebird\\js\\release\\async.js:138:12)\n    at _drainQueue (C:\\Users\\Priyanka Bhatt\\AppData\\Local\\Cypress\\Cache\\13.12.0\\Cypress\\resources\\app\\node_modules\\bluebird\\js\\release\\async.js:131:9)\n    at Async._drainQueues (C:\\Users\\Priyanka Bhatt\\AppData\\Local\\Cypress\\Cache\\13.12.0\\Cypress\\resources\\app\\node_modules\\bluebird\\js\\release\\async.js:147:5)\n    at Immediate._onImmediate (C:\\Users\\Priyanka Bhatt\\AppData\\Local\\Cypress\\Cache\\13.12.0\\Cypress\\resources\\app\\node_modules\\bluebird\\js\\release\\async.js:17:14)\n    at process.processImmediate (node:internal/timers:476:21)",
                "diff": null
              },
              "uuid": "bc4d118c-a5ee-489c-a5c8-d85b26071a89",
              "parentUUID": "f048ba46-3f11-434e-8aa9-7405df011f4a",
              "isHook": false,
              "skipped": false
            }
          ],
          "suites": [],
          "passes": [],
          "failures": [
            "732dccaf-ba28-4f65-b75c-bb155da39493",
            "745573d7-fb71-4828-b904-e1f2377ba405",
            "bc4d118c-a5ee-489c-a5c8-d85b26071a89"
          ],
          "pending": [],
          "skipped": [],
          "duration": 717,
          "root": false,
          "rootEmpty": false,
          "_timeout": 2000
        }
      ],
      "passes": [],
      "failures": [],
      "pending": [],
      "skipped": [],
      "duration": 0,
      "root": true,
      "rootEmpty": true,
      "_timeout": 2000
    }
  ],
  "meta": {
    "mocha": {
      "version": "7.0.1"
    },
    "mochawesome": {
      "options": {
        "quiet": false,
        "reportFilename": "mochawesome",
        "saveHtml": true,
        "saveJson": true,
        "consoleReporter": "spec",
        "useInlineDiffs": false,
        "code": true
      },
      "version": "7.1.3"
    },
    "marge": {
      "options": {
        "reportDir": "cypress/reports",
        "overwrite": false,
        "html": true,
        "json": true
      },
      "version": "6.2.0"
    }
  }
}