{
  "stats": {
    "suites": 1,
    "tests": 2,
    "passes": 2,
    "pending": 0,
    "failures": 0,
    "start": "2024-06-26T15:50:40.266Z",
    "end": "2024-06-26T15:50:40.664Z",
    "duration": 398,
    "testsRegistered": 2,
    "passPercent": 100,
    "pendingPercent": 0,
    "other": 0,
    "hasOther": false,
    "skipped": 0,
    "hasSkipped": false
  },
  "results": [
    {
      "uuid": "fe2191b6-f2a2-439d-aef2-17a5b4b37b79",
      "title": "",
      "fullFile": "cypress\\e2e\\createUser.cy.js",
      "file": "cypress\\e2e\\createUser.cy.js",
      "beforeHooks": [],
      "afterHooks": [],
      "tests": [],
      "suites": [
        {
          "uuid": "c1ab96ce-4ea6-4fcf-be50-dd49095f866f",
          "title": "Testing create_user API",
          "fullFile": "",
          "file": "",
          "beforeHooks": [],
          "afterHooks": [],
          "tests": [
            {
              "title": "TC_001_Create_User_with_valid_data",
              "fullTitle": "Testing create_user API TC_001_Create_User_with_valid_data",
              "timedOut": null,
              "duration": 291,
              "state": "passed",
              "speed": "fast",
              "pass": true,
              "fail": false,
              "pending": false,
              "context": null,
              "code": "cy.fixture('createUser').then(function (userData) {\n  this.userData = userData;\n  cy.request('POST', '/api/createUser', this.userData.userData1).then(response => {\n    expect(response.status).to.eq(201);\n    expect(response.body.success).to.be.true;\n    expect(response.body.message).to.equal('User created successfully');\n    expect(response.body).to.have.property('id');\n  });\n});",
              "err": {},
              "uuid": "f631e947-baed-461e-acdb-9902d8235557",
              "parentUUID": "c1ab96ce-4ea6-4fcf-be50-dd49095f866f",
              "isHook": false,
              "skipped": false
            },
            {
              "title": "TC_002_Create_User_with_Missing_Argument",
              "fullTitle": "Testing create_user API TC_002_Create_User_with_Missing_Argument",
              "timedOut": null,
              "duration": 35,
              "state": "passed",
              "speed": "fast",
              "pass": true,
              "fail": false,
              "pending": false,
              "context": null,
              "code": "cy.fixture('createUser').then(function (userData) {\n  this.userData = userData;\n  cy.request({\n    method: 'POST',\n    url: '/api/createUser',\n    body: this.userData.userData2,\n    failOnStatusCode: false\n  }).then(response => {\n    expect(response.status).to.eq(400);\n    expect(response.body.success).to.be.false;\n    expect(response.body.message).contains(\"Missing required arguments\");\n  });\n});",
              "err": {},
              "uuid": "b741967d-9eb1-4a3a-9dc9-e2a0dacb25bc",
              "parentUUID": "c1ab96ce-4ea6-4fcf-be50-dd49095f866f",
              "isHook": false,
              "skipped": false
            }
          ],
          "suites": [],
          "passes": [
            "f631e947-baed-461e-acdb-9902d8235557",
            "b741967d-9eb1-4a3a-9dc9-e2a0dacb25bc"
          ],
          "failures": [],
          "pending": [],
          "skipped": [],
          "duration": 326,
          "root": false,
          "rootEmpty": false,
          "_timeout": 2000
        }
      ],
      "passes": [],
      "failures": [],
      "pending": [],
      "skipped": [],
      "duration": 0,
      "root": true,
      "rootEmpty": true,
      "_timeout": 2000
    }
  ],
  "meta": {
    "mocha": {
      "version": "7.0.1"
    },
    "mochawesome": {
      "options": {
        "quiet": false,
        "reportFilename": "mochawesome",
        "saveHtml": true,
        "saveJson": true,
        "consoleReporter": "spec",
        "useInlineDiffs": false,
        "code": true
      },
      "version": "7.1.3"
    },
    "marge": {
      "options": {
        "reportDir": "cypress/reports",
        "overwrite": false,
        "html": true,
        "json": true
      },
      "version": "6.2.0"
    }
  }
}