{
  "stats": {
    "suites": 1,
    "tests": 1,
    "passes": 0,
    "pending": 0,
    "failures": 1,
    "start": "2024-06-26T13:51:47.896Z",
    "end": "2024-06-26T13:51:48.361Z",
    "duration": 465,
    "testsRegistered": 2,
    "passPercent": 0,
    "pendingPercent": 0,
    "other": 0,
    "hasOther": false,
    "skipped": 1,
    "hasSkipped": true
  },
  "results": [
    {
      "uuid": "c98c2792-1c33-4712-9244-8d3ec230ca85",
      "title": "",
      "fullFile": "cypress\\e2e\\createUser.cy.js",
      "file": "cypress\\e2e\\createUser.cy.js",
      "beforeHooks": [],
      "afterHooks": [],
      "tests": [],
      "suites": [
        {
          "uuid": "93bd7cfd-1d15-4424-b765-0e2923890654",
          "title": "Testing create_user API",
          "fullFile": "",
          "file": "",
          "beforeHooks": [],
          "afterHooks": [],
          "tests": [
            {
              "title": "TC_001_Validate_Create_User_with_valid_data",
              "fullTitle": "Testing create_user API TC_001_Validate_Create_User_with_valid_data",
              "timedOut": null,
              "duration": 314,
              "state": "failed",
              "speed": null,
              "pass": false,
              "fail": true,
              "pending": false,
              "context": null,
              "code": "cy.request('POST', '/api/createUser', (void 0).userData.userData1).then(response => {\n  expect(response.status).to.eq(201);\n  expect(response.body.success).to.be.true;\n  expect(response.body.message).to.equal('User created successfully');\n  expect(response.body).to.have.property('id');\n});",
              "err": {
                "message": "TypeError: cy.fixture(...).then(...).catch is not a function\n\nBecause this error occurred during a `before each` hook we are skipping the remaining tests in the current suite: `Testing create_user API`",
                "estack": "TypeError: cy.fixture(...).then(...).catch is not a function\n\nBecause this error occurred during a `before each` hook we are skipping the remaining tests in the current suite: `Testing create_user API`\n    at Context.eval (webpack://exbankingautomation/./cypress/e2e/createUser.cy.js:7:14)",
                "diff": null
              },
              "uuid": "679404f9-4338-4a40-886a-dae467dd4ebe",
              "parentUUID": "93bd7cfd-1d15-4424-b765-0e2923890654",
              "isHook": false,
              "skipped": false
            },
            {
              "title": "TC_002_Validate_Create_User_with_Invalid_data",
              "fullTitle": "Testing create_user API TC_002_Validate_Create_User_with_Invalid_data",
              "timedOut": null,
              "duration": 0,
              "state": "skipped",
              "speed": null,
              "pass": false,
              "fail": false,
              "pending": false,
              "context": null,
              "code": "cy.request('POST', '/api/createUser', (void 0).userData.userData2).then(response => {\n  expect(response.status).to.eq(400);\n  expect(response.body.success).to.be.false;\n});",
              "err": {},
              "uuid": "01a8c18b-b08e-45e8-bced-26858a6aab27",
              "parentUUID": "93bd7cfd-1d15-4424-b765-0e2923890654",
              "isHook": false,
              "skipped": true
            }
          ],
          "suites": [],
          "passes": [],
          "failures": [
            "679404f9-4338-4a40-886a-dae467dd4ebe"
          ],
          "pending": [],
          "skipped": [
            "01a8c18b-b08e-45e8-bced-26858a6aab27"
          ],
          "duration": 314,
          "root": false,
          "rootEmpty": false,
          "_timeout": 2000
        }
      ],
      "passes": [],
      "failures": [],
      "pending": [],
      "skipped": [],
      "duration": 0,
      "root": true,
      "rootEmpty": true,
      "_timeout": 2000
    }
  ],
  "meta": {
    "mocha": {
      "version": "7.0.1"
    },
    "mochawesome": {
      "options": {
        "quiet": false,
        "reportFilename": "mochawesome",
        "saveHtml": true,
        "saveJson": true,
        "consoleReporter": "spec",
        "useInlineDiffs": false,
        "code": true
      },
      "version": "7.1.3"
    },
    "marge": {
      "options": {
        "reportDir": "cypress/reports",
        "overwrite": false,
        "html": true,
        "json": true
      },
      "version": "6.2.0"
    }
  }
}