{
  "stats": {
    "suites": 1,
    "tests": 1,
    "passes": 0,
    "pending": 0,
    "failures": 1,
    "start": "2024-06-26T14:04:25.862Z",
    "end": "2024-06-26T14:04:26.383Z",
    "duration": 521,
    "testsRegistered": 2,
    "passPercent": 0,
    "pendingPercent": 0,
    "other": 0,
    "hasOther": false,
    "skipped": 1,
    "hasSkipped": true
  },
  "results": [
    {
      "uuid": "4b2660fe-6c1b-485f-9ba4-1588cf10147d",
      "title": "",
      "fullFile": "cypress\\e2e\\createUser.cy.js",
      "file": "cypress\\e2e\\createUser.cy.js",
      "beforeHooks": [],
      "afterHooks": [],
      "tests": [],
      "suites": [
        {
          "uuid": "1f444218-07d9-4ca8-a611-8caae885f482",
          "title": "Testing create_user API",
          "fullFile": "",
          "file": "",
          "beforeHooks": [],
          "afterHooks": [],
          "tests": [
            {
              "title": "TC_001_Validate_Create_User_with_valid_data",
              "fullTitle": "Testing create_user API TC_001_Validate_Create_User_with_valid_data",
              "timedOut": null,
              "duration": 403,
              "state": "failed",
              "speed": null,
              "pass": false,
              "fail": true,
              "pending": false,
              "context": null,
              "code": "cy.request('POST', '/api/createUser', (void 0).userData.userData1).then(response => {\n  expect(response.status).to.eq(201);\n  expect(response.body.success).to.be.true;\n  expect(response.body.message).to.equal('User created successfully');\n  expect(response.body).to.have.property('id');\n});",
              "err": {
                "message": "SyntaxError: \"[object Object]\" is not valid JSON\n\nBecause this error occurred during a `before each` hook we are skipping the remaining tests in the current suite: `Testing create_user API`",
                "estack": "SyntaxError: \"[object Object]\" is not valid JSON\n\nBecause this error occurred during a `before each` hook we are skipping the remaining tests in the current suite: `Testing create_user API`\n    at JSON.parse (<anonymous>)\n    at Context.eval (webpack://exbankingautomation/./cypress/e2e/createUser.cy.js:7:30)",
                "diff": null
              },
              "uuid": "aeffe2ff-549d-4ca4-afcb-1b457f9f715b",
              "parentUUID": "1f444218-07d9-4ca8-a611-8caae885f482",
              "isHook": false,
              "skipped": false
            },
            {
              "title": "TC_002_Validate_Create_User_with_Invalid_data",
              "fullTitle": "Testing create_user API TC_002_Validate_Create_User_with_Invalid_data",
              "timedOut": null,
              "duration": 0,
              "state": "skipped",
              "speed": null,
              "pass": false,
              "fail": false,
              "pending": false,
              "context": null,
              "code": "cy.request('POST', '/api/createUser', (void 0).userData.userData2).then(response => {\n  expect(response.status).to.eq(400);\n  expect(response.body.success).to.be.false;\n});",
              "err": {},
              "uuid": "ebd1cbb1-735f-4fc5-9870-6e7060fd1de0",
              "parentUUID": "1f444218-07d9-4ca8-a611-8caae885f482",
              "isHook": false,
              "skipped": true
            }
          ],
          "suites": [],
          "passes": [],
          "failures": [
            "aeffe2ff-549d-4ca4-afcb-1b457f9f715b"
          ],
          "pending": [],
          "skipped": [
            "ebd1cbb1-735f-4fc5-9870-6e7060fd1de0"
          ],
          "duration": 403,
          "root": false,
          "rootEmpty": false,
          "_timeout": 2000
        }
      ],
      "passes": [],
      "failures": [],
      "pending": [],
      "skipped": [],
      "duration": 0,
      "root": true,
      "rootEmpty": true,
      "_timeout": 2000
    }
  ],
  "meta": {
    "mocha": {
      "version": "7.0.1"
    },
    "mochawesome": {
      "options": {
        "quiet": false,
        "reportFilename": "mochawesome",
        "saveHtml": true,
        "saveJson": true,
        "consoleReporter": "spec",
        "useInlineDiffs": false,
        "code": true
      },
      "version": "7.1.3"
    },
    "marge": {
      "options": {
        "reportDir": "cypress/reports",
        "overwrite": false,
        "html": true,
        "json": true
      },
      "version": "6.2.0"
    }
  }
}