{
  "stats": {
    "suites": 1,
    "tests": 3,
    "passes": 2,
    "pending": 0,
    "failures": 1,
    "start": "2024-06-26T15:45:08.480Z",
    "end": "2024-06-26T15:45:09.082Z",
    "duration": 602,
    "testsRegistered": 3,
    "passPercent": 66.66666666666666,
    "pendingPercent": 0,
    "other": 0,
    "hasOther": false,
    "skipped": 0,
    "hasSkipped": false
  },
  "results": [
    {
      "uuid": "75aee67d-ed7c-4a85-b7d4-73f054fe57db",
      "title": "",
      "fullFile": "cypress\\e2e\\createUser.cy.js",
      "file": "cypress\\e2e\\createUser.cy.js",
      "beforeHooks": [],
      "afterHooks": [],
      "tests": [],
      "suites": [
        {
          "uuid": "30651e58-4cec-4492-b062-63fb9b22f453",
          "title": "Testing create_user API",
          "fullFile": "",
          "file": "",
          "beforeHooks": [],
          "afterHooks": [],
          "tests": [
            {
              "title": "TC_001_Validate_Create_User_with_valid_data",
              "fullTitle": "Testing create_user API TC_001_Validate_Create_User_with_valid_data",
              "timedOut": null,
              "duration": 92,
              "state": "passed",
              "speed": "fast",
              "pass": true,
              "fail": false,
              "pending": false,
              "context": null,
              "code": "cy.fixture('createUser').then(function (userData) {\n  this.userData = userData;\n  cy.request('POST', '/api/createUser', this.userData.userData1).then(response => {\n    expect(response.status).to.eq(201);\n    expect(response.body.success).to.be.true;\n    expect(response.body.message).to.equal('User created successfully');\n    expect(response.body).to.have.property('id');\n  });\n});",
              "err": {},
              "uuid": "86f1d611-5db5-45aa-9fe7-ad1418dde6fe",
              "parentUUID": "30651e58-4cec-4492-b062-63fb9b22f453",
              "isHook": false,
              "skipped": false
            },
            {
              "title": "TC_002_Create_User_with_UserData2",
              "fullTitle": "Testing create_user API TC_002_Create_User_with_UserData2",
              "timedOut": null,
              "duration": 27,
              "state": "passed",
              "speed": "fast",
              "pass": true,
              "fail": false,
              "pending": false,
              "context": null,
              "code": "cy.fixture('createUser').then(function (userData) {\n  this.userData = userData;\n  cy.request({\n    method: 'POST',\n    url: 'http://localhost:3000/api/createUser',\n    body: this.userData.userData2,\n    // Access userData2 from the loaded fixture data\n    failOnStatusCode: false\n  }).then(response => {\n    expect(response.status).to.eq(400);\n  });\n});",
              "err": {},
              "uuid": "8499d884-09b8-4bdd-a048-1472c73219c0",
              "parentUUID": "30651e58-4cec-4492-b062-63fb9b22f453",
              "isHook": false,
              "skipped": false
            },
            {
              "title": "TC_002_Validate_Create_User_with_Invalid_data",
              "fullTitle": "Testing create_user API TC_002_Validate_Create_User_with_Invalid_data",
              "timedOut": null,
              "duration": 316,
              "state": "failed",
              "speed": null,
              "pass": false,
              "fail": true,
              "pending": false,
              "context": null,
              "code": "cy.fixture('createUser').then(function (userData) {\n  this.userData = userData;\n  cy.request('POST', '/api/createUser', this.userData.userData2, {\n    failOnStatusCode: false\n  }).then(response => {\n    expect(response.status).to.eq(400);\n    expect(response.body.success).to.be.false;\n  });\n});",
              "err": {
                "message": "CypressError: `cy.request()` requires a `url`. You did not provide a `url`.\n\nhttps://on.cypress.io/request",
                "estack": "CypressError: `cy.request()` requires a `url`. You did not provide a `url`.\n\nhttps://on.cypress.io/request\n    at Context.request (http://localhost:3000/__cypress/runner/cypress_runner.js:132548:70)\n    at wrapped (http://localhost:3000/__cypress/runner/cypress_runner.js:137986:43)\nFrom Your Spec Code:\n    at Context.eval (webpack://exbankingautomation/./cypress/e2e/createUser.cy.js:33:9)",
                "diff": null
              },
              "uuid": "dfceb384-8ccc-4db5-8d22-31d7ba7d40fb",
              "parentUUID": "30651e58-4cec-4492-b062-63fb9b22f453",
              "isHook": false,
              "skipped": false
            }
          ],
          "suites": [],
          "passes": [
            "86f1d611-5db5-45aa-9fe7-ad1418dde6fe",
            "8499d884-09b8-4bdd-a048-1472c73219c0"
          ],
          "failures": [
            "dfceb384-8ccc-4db5-8d22-31d7ba7d40fb"
          ],
          "pending": [],
          "skipped": [],
          "duration": 435,
          "root": false,
          "rootEmpty": false,
          "_timeout": 2000
        }
      ],
      "passes": [],
      "failures": [],
      "pending": [],
      "skipped": [],
      "duration": 0,
      "root": true,
      "rootEmpty": true,
      "_timeout": 2000
    }
  ],
  "meta": {
    "mocha": {
      "version": "7.0.1"
    },
    "mochawesome": {
      "options": {
        "quiet": false,
        "reportFilename": "mochawesome",
        "saveHtml": true,
        "saveJson": true,
        "consoleReporter": "spec",
        "useInlineDiffs": false,
        "code": true
      },
      "version": "7.1.3"
    },
    "marge": {
      "options": {
        "reportDir": "cypress/reports",
        "overwrite": false,
        "html": true,
        "json": true
      },
      "version": "6.2.0"
    }
  }
}