{
  "stats": {
    "suites": 1,
    "tests": 5,
    "passes": 4,
    "pending": 0,
    "failures": 1,
    "start": "2024-06-26T17:16:32.947Z",
    "end": "2024-06-26T17:16:33.659Z",
    "duration": 712,
    "testsRegistered": 5,
    "passPercent": 80,
    "pendingPercent": 0,
    "other": 0,
    "hasOther": false,
    "skipped": 0,
    "hasSkipped": false
  },
  "results": [
    {
      "uuid": "7845c376-18b3-41cf-afc7-8507d84fec48",
      "title": "",
      "fullFile": "cypress\\e2e\\deposit.cy.js",
      "file": "cypress\\e2e\\deposit.cy.js",
      "beforeHooks": [],
      "afterHooks": [],
      "tests": [],
      "suites": [
        {
          "uuid": "661f87bd-c53d-4c96-8a0f-1d1c8637fc74",
          "title": "Testing deposit API",
          "fullFile": "",
          "file": "",
          "beforeHooks": [],
          "afterHooks": [],
          "tests": [
            {
              "title": "TC_001_Deposit_Amount_For_valid_UserID",
              "fullTitle": "Testing deposit API TC_001_Deposit_Amount_For_valid_UserID",
              "timedOut": null,
              "duration": 68,
              "state": "passed",
              "speed": "fast",
              "pass": true,
              "fail": false,
              "pending": false,
              "context": null,
              "code": "cy.fixture('deposit').then(function (userData) {\n  this.userData = userData;\n  cy.request('POST', '/api/deposit', this.userData.userData1).then(response => {\n    expect(response.status).to.eq(200);\n    expect(response.body.success).to.be.true;\n    expect(response.body.message).contains('Deposited');\n  });\n});",
              "err": {},
              "uuid": "b69a096f-2fc0-4837-a0e3-95b2a400cba8",
              "parentUUID": "661f87bd-c53d-4c96-8a0f-1d1c8637fc74",
              "isHook": false,
              "skipped": false
            },
            {
              "title": "TC_002_Deposit_Amount_For_Invalid_UserID",
              "fullTitle": "Testing deposit API TC_002_Deposit_Amount_For_Invalid_UserID",
              "timedOut": null,
              "duration": 306,
              "state": "failed",
              "speed": null,
              "pass": false,
              "fail": true,
              "pending": false,
              "context": null,
              "code": "cy.fixture('deposit').then(function (userData) {\n  this.userData = userData;\n  cy.request({\n    method: 'POST',\n    url: '/api/deposit',\n    body: this.userData.userData2,\n    failOnStatusCode: false\n  }).then(response => {\n    expect(response.status).to.eq(404);\n    expect(response.body.success).to.be.false;\n    expect(response.body.message).contains('Deposited');\n  });\n});",
              "err": {
                "message": "AssertionError: expected 'User not found' to include 'Deposited'",
                "estack": "AssertionError: expected 'User not found' to include 'Deposited'\n    at Context.eval (webpack://exbankingautomation/./cypress/e2e/deposit.cy.js:26:36)",
                "diff": null
              },
              "uuid": "c22c08e9-6e44-4b39-bd89-a02014c93457",
              "parentUUID": "661f87bd-c53d-4c96-8a0f-1d1c8637fc74",
              "isHook": false,
              "skipped": false
            },
            {
              "title": "TC_003_Deposit_Zero_Amount_For_valid_User",
              "fullTitle": "Testing deposit API TC_003_Deposit_Zero_Amount_For_valid_User",
              "timedOut": null,
              "duration": 42,
              "state": "passed",
              "speed": "fast",
              "pass": true,
              "fail": false,
              "pending": false,
              "context": null,
              "code": "cy.fixture('deposit').then(function (userData) {\n  this.userData = userData;\n  cy.request({\n    method: 'POST',\n    url: '/api/deposit',\n    body: this.userData.userData3,\n    failOnStatusCode: false\n  }).then(response => {\n    expect(response.status).to.eq(400);\n    expect(response.body.success).to.be.false;\n    expect(response.body.message).to.eq('Invalid amount');\n  });\n});",
              "err": {},
              "uuid": "eb243331-2544-42bc-927d-6397a9f98d15",
              "parentUUID": "661f87bd-c53d-4c96-8a0f-1d1c8637fc74",
              "isHook": false,
              "skipped": false
            },
            {
              "title": "TC_004_Deposit_Amount_In_Decimal_Value",
              "fullTitle": "Testing deposit API TC_004_Deposit_Amount_In_Decimal_Value",
              "timedOut": null,
              "duration": 39,
              "state": "passed",
              "speed": "fast",
              "pass": true,
              "fail": false,
              "pending": false,
              "context": null,
              "code": "cy.fixture('deposit').then(function (userData) {\n  this.userData = userData;\n  cy.request({\n    method: 'POST',\n    url: '/api/deposit',\n    body: this.userData.userData4,\n    failOnStatusCode: false\n  }).then(response => {\n    expect(response.status).to.eq(200);\n    expect(response.body.success).to.be.true;\n    expect(response.body.message).contains('Deposited');\n  });\n});",
              "err": {},
              "uuid": "7a377717-5264-4478-8bc3-27067e9b1c1b",
              "parentUUID": "661f87bd-c53d-4c96-8a0f-1d1c8637fc74",
              "isHook": false,
              "skipped": false
            },
            {
              "title": "TC_005_Deposit_Amount_In_Negative_Value",
              "fullTitle": "Testing deposit API TC_005_Deposit_Amount_In_Negative_Value",
              "timedOut": null,
              "duration": 38,
              "state": "passed",
              "speed": "fast",
              "pass": true,
              "fail": false,
              "pending": false,
              "context": null,
              "code": "cy.fixture('deposit').then(function (userData) {\n  this.userData = userData;\n  cy.request({\n    method: 'POST',\n    url: '/api/deposit',\n    body: this.userData.userData5,\n    failOnStatusCode: false\n  }).then(response => {\n    expect(response.status).to.eq(400);\n    expect(response.body.success).to.be.false;\n    expect(response.body.message).contains('Invalid amount');\n  });\n});",
              "err": {},
              "uuid": "f87b858e-c237-4d11-aaad-3d31716939af",
              "parentUUID": "661f87bd-c53d-4c96-8a0f-1d1c8637fc74",
              "isHook": false,
              "skipped": false
            }
          ],
          "suites": [],
          "passes": [
            "b69a096f-2fc0-4837-a0e3-95b2a400cba8",
            "eb243331-2544-42bc-927d-6397a9f98d15",
            "7a377717-5264-4478-8bc3-27067e9b1c1b",
            "f87b858e-c237-4d11-aaad-3d31716939af"
          ],
          "failures": [
            "c22c08e9-6e44-4b39-bd89-a02014c93457"
          ],
          "pending": [],
          "skipped": [],
          "duration": 493,
          "root": false,
          "rootEmpty": false,
          "_timeout": 2000
        }
      ],
      "passes": [],
      "failures": [],
      "pending": [],
      "skipped": [],
      "duration": 0,
      "root": true,
      "rootEmpty": true,
      "_timeout": 2000
    }
  ],
  "meta": {
    "mocha": {
      "version": "7.0.1"
    },
    "mochawesome": {
      "options": {
        "quiet": false,
        "reportFilename": "mochawesome",
        "saveHtml": true,
        "saveJson": true,
        "consoleReporter": "spec",
        "useInlineDiffs": false,
        "code": true
      },
      "version": "7.1.3"
    },
    "marge": {
      "options": {
        "reportDir": "cypress/reports",
        "overwrite": false,
        "html": true,
        "json": true
      },
      "version": "6.2.0"
    }
  }
}