{
  "stats": {
    "suites": 1,
    "tests": 5,
    "passes": 5,
    "pending": 0,
    "failures": 0,
    "start": "2024-06-27T10:17:57.471Z",
    "end": "2024-06-27T10:17:57.854Z",
    "duration": 383,
    "testsRegistered": 5,
    "passPercent": 100,
    "pendingPercent": 0,
    "other": 0,
    "hasOther": false,
    "skipped": 0,
    "hasSkipped": false
  },
  "results": [
    {
      "uuid": "b99d833c-f82a-4e32-98af-3fc9b4ac2b86",
      "title": "",
      "fullFile": "cypress\\e2e\\deposit.cy.js",
      "file": "cypress\\e2e\\deposit.cy.js",
      "beforeHooks": [],
      "afterHooks": [],
      "tests": [],
      "suites": [
        {
          "uuid": "a645c267-d371-42a6-b90f-6052511c7ea6",
          "title": "Testing deposit API",
          "fullFile": "",
          "file": "",
          "beforeHooks": [],
          "afterHooks": [],
          "tests": [
            {
              "title": "TC_001_Deposit_Amount_For_valid_UserID",
              "fullTitle": "Testing deposit API TC_001_Deposit_Amount_For_valid_UserID",
              "timedOut": null,
              "duration": 72,
              "state": "passed",
              "speed": "fast",
              "pass": true,
              "fail": false,
              "pending": false,
              "context": null,
              "code": "cy.fixture('deposit').then(function (userData) {\n  this.userData = userData;\n  cy.request('POST', '/api/deposit', this.userData.userData1).then(response => {\n    expect(response.status).to.eq(200);\n    expect(response.body.success).to.be.true;\n    expect(response.body.message).contains('Deposited');\n  });\n});",
              "err": {},
              "uuid": "458d4814-e980-45bc-94bb-46812ce0bfe8",
              "parentUUID": "a645c267-d371-42a6-b90f-6052511c7ea6",
              "isHook": false,
              "skipped": false
            },
            {
              "title": "TC_002_Deposit_Amount_For_Invalid_UserID",
              "fullTitle": "Testing deposit API TC_002_Deposit_Amount_For_Invalid_UserID",
              "timedOut": null,
              "duration": 39,
              "state": "passed",
              "speed": "fast",
              "pass": true,
              "fail": false,
              "pending": false,
              "context": null,
              "code": "cy.fixture('deposit').then(function (userData) {\n  this.userData = userData;\n  cy.request({\n    method: 'POST',\n    url: '/api/deposit',\n    body: this.userData.userData2,\n    failOnStatusCode: false\n  }).then(response => {\n    expect(response.status).to.eq(404);\n    expect(response.body.success).to.be.false;\n    expect(response.body.message).contains('User not found');\n  });\n});",
              "err": {},
              "uuid": "7f9fc812-7306-48f0-8922-005844bf1949",
              "parentUUID": "a645c267-d371-42a6-b90f-6052511c7ea6",
              "isHook": false,
              "skipped": false
            },
            {
              "title": "TC_003_Deposit_Zero_Amount_For_valid_User",
              "fullTitle": "Testing deposit API TC_003_Deposit_Zero_Amount_For_valid_User",
              "timedOut": null,
              "duration": 34,
              "state": "passed",
              "speed": "fast",
              "pass": true,
              "fail": false,
              "pending": false,
              "context": null,
              "code": "cy.fixture('deposit').then(function (userData) {\n  this.userData = userData;\n  cy.request({\n    method: 'POST',\n    url: '/api/deposit',\n    body: this.userData.userData3,\n    failOnStatusCode: false\n  }).then(response => {\n    expect(response.status).to.eq(400);\n    expect(response.body.success).to.be.false;\n    expect(response.body.message).to.eq('Invalid amount');\n  });\n});",
              "err": {},
              "uuid": "58700bab-c951-4ef1-b72d-082e644dfdc8",
              "parentUUID": "a645c267-d371-42a6-b90f-6052511c7ea6",
              "isHook": false,
              "skipped": false
            },
            {
              "title": "TC_004_Deposit_Amount_In_Decimal_Value",
              "fullTitle": "Testing deposit API TC_004_Deposit_Amount_In_Decimal_Value",
              "timedOut": null,
              "duration": 35,
              "state": "passed",
              "speed": "fast",
              "pass": true,
              "fail": false,
              "pending": false,
              "context": null,
              "code": "cy.fixture('deposit').then(function (userData) {\n  this.userData = userData;\n  cy.request({\n    method: 'POST',\n    url: '/api/deposit',\n    body: this.userData.userData4,\n    failOnStatusCode: false\n  }).then(response => {\n    expect(response.status).to.eq(200);\n    expect(response.body.success).to.be.true;\n    expect(response.body.message).contains('Deposited');\n  });\n});",
              "err": {},
              "uuid": "0c2d837d-946e-4f55-9cf1-55a5bbaa6e54",
              "parentUUID": "a645c267-d371-42a6-b90f-6052511c7ea6",
              "isHook": false,
              "skipped": false
            },
            {
              "title": "TC_005_Deposit_Amount_In_Negative_Value",
              "fullTitle": "Testing deposit API TC_005_Deposit_Amount_In_Negative_Value",
              "timedOut": null,
              "duration": 28,
              "state": "passed",
              "speed": "fast",
              "pass": true,
              "fail": false,
              "pending": false,
              "context": null,
              "code": "cy.fixture('deposit').then(function (userData) {\n  this.userData = userData;\n  cy.request({\n    method: 'POST',\n    url: '/api/deposit',\n    body: this.userData.userData5,\n    failOnStatusCode: false\n  }).then(response => {\n    expect(response.status).to.eq(400);\n    expect(response.body.success).to.be.false;\n    expect(response.body.message).contains('Invalid amount');\n  });\n});",
              "err": {},
              "uuid": "027282e7-53c4-41ad-8484-d38047c81616",
              "parentUUID": "a645c267-d371-42a6-b90f-6052511c7ea6",
              "isHook": false,
              "skipped": false
            }
          ],
          "suites": [],
          "passes": [
            "458d4814-e980-45bc-94bb-46812ce0bfe8",
            "7f9fc812-7306-48f0-8922-005844bf1949",
            "58700bab-c951-4ef1-b72d-082e644dfdc8",
            "0c2d837d-946e-4f55-9cf1-55a5bbaa6e54",
            "027282e7-53c4-41ad-8484-d38047c81616"
          ],
          "failures": [],
          "pending": [],
          "skipped": [],
          "duration": 208,
          "root": false,
          "rootEmpty": false,
          "_timeout": 2000
        }
      ],
      "passes": [],
      "failures": [],
      "pending": [],
      "skipped": [],
      "duration": 0,
      "root": true,
      "rootEmpty": true,
      "_timeout": 2000
    }
  ],
  "meta": {
    "mocha": {
      "version": "7.0.1"
    },
    "mochawesome": {
      "options": {
        "quiet": false,
        "reportFilename": "mochawesome",
        "saveHtml": false,
        "saveJson": true,
        "consoleReporter": "spec",
        "useInlineDiffs": false,
        "code": true
      },
      "version": "7.1.3"
    },
    "marge": {
      "options": {
        "reportDir": "cypress\\reports\\.jsons",
        "overwrite": false,
        "html": false,
        "json": true
      },
      "version": "6.2.0"
    }
  }
}