{
  "stats": {
    "suites": 1,
    "tests": 5,
    "passes": 5,
    "pending": 0,
    "failures": 0,
    "start": "2024-06-27T09:55:26.206Z",
    "end": "2024-06-27T09:55:26.538Z",
    "duration": 332,
    "testsRegistered": 5,
    "passPercent": 100,
    "pendingPercent": 0,
    "other": 0,
    "hasOther": false,
    "skipped": 0,
    "hasSkipped": false
  },
  "results": [
    {
      "uuid": "d8ef68c1-0c48-49db-81e7-66e413fee8cd",
      "title": "",
      "fullFile": "cypress\\e2e\\withdraw.cy.js",
      "file": "cypress\\e2e\\withdraw.cy.js",
      "beforeHooks": [],
      "afterHooks": [],
      "tests": [],
      "suites": [
        {
          "uuid": "b65f09f3-296c-43dc-bb17-0ea322d2ef53",
          "title": "Testing withdraw API",
          "fullFile": "",
          "file": "",
          "beforeHooks": [],
          "afterHooks": [],
          "tests": [
            {
              "title": "TC_001_Validate_Withdraw_For_Valid_Amount",
              "fullTitle": "Testing withdraw API TC_001_Validate_Withdraw_For_Valid_Amount",
              "timedOut": null,
              "duration": 68,
              "state": "passed",
              "speed": "fast",
              "pass": true,
              "fail": false,
              "pending": false,
              "context": null,
              "code": "cy.fixture('withdraw').then(function (userData) {\n  this.userData = userData;\n  cy.request('POST', '/api/withdraw', this.userData.userData1).then(response => {\n    expect(response.status).to.eq(200);\n    expect(response.body.success).to.be.true;\n    expect(response.body.message).to.eq('Withdrawn ' + this.userData.userData1.amount + \" successfully\");\n  });\n});",
              "err": {},
              "uuid": "ba152dea-1727-40fe-84a8-249d52334d5c",
              "parentUUID": "b65f09f3-296c-43dc-bb17-0ea322d2ef53",
              "isHook": false,
              "skipped": false
            },
            {
              "title": "TC_002_Validate_Withdraw_For_Decimal_Value",
              "fullTitle": "Testing withdraw API TC_002_Validate_Withdraw_For_Decimal_Value",
              "timedOut": null,
              "duration": 27,
              "state": "passed",
              "speed": "fast",
              "pass": true,
              "fail": false,
              "pending": false,
              "context": null,
              "code": "cy.fixture('withdraw').then(function (userData) {\n  this.userData = userData;\n  cy.request({\n    method: 'POST',\n    url: '/api/withdraw',\n    body: this.userData.userData2,\n    failOnStatusCode: false\n  }).then(response => {\n    expect(response.status).to.eq(200);\n    expect(response.body.success).to.be.true;\n    expect(response.body.message).to.eq('Withdrawn ' + this.userData.userData2.amount + \" successfully\");\n  });\n});",
              "err": {},
              "uuid": "55119809-14a4-4ba4-987f-c5f0f3ad50a7",
              "parentUUID": "b65f09f3-296c-43dc-bb17-0ea322d2ef53",
              "isHook": false,
              "skipped": false
            },
            {
              "title": "TC_003_Validate_Witdraw_Zero_Amount",
              "fullTitle": "Testing withdraw API TC_003_Validate_Witdraw_Zero_Amount",
              "timedOut": null,
              "duration": 31,
              "state": "passed",
              "speed": "fast",
              "pass": true,
              "fail": false,
              "pending": false,
              "context": null,
              "code": "cy.fixture('withdraw').then(function (userData) {\n  this.userData = userData;\n  cy.request({\n    method: 'POST',\n    url: '/api/withdraw',\n    body: this.userData.userData3,\n    failOnStatusCode: false\n  }).then(response => {\n    expect(response.status).to.eq(400);\n    expect(response.body.success).to.be.false;\n    expect(response.body.message).to.eq('Invalid request');\n  });\n});",
              "err": {},
              "uuid": "2db41f51-52dd-4ad8-b796-b983ed826cf9",
              "parentUUID": "b65f09f3-296c-43dc-bb17-0ea322d2ef53",
              "isHook": false,
              "skipped": false
            },
            {
              "title": "TC_004_Validate_Withdraw_For_Negative_Value",
              "fullTitle": "Testing withdraw API TC_004_Validate_Withdraw_For_Negative_Value",
              "timedOut": null,
              "duration": 28,
              "state": "passed",
              "speed": "fast",
              "pass": true,
              "fail": false,
              "pending": false,
              "context": null,
              "code": "cy.fixture('withdraw').then(function (userData) {\n  this.userData = userData;\n  cy.request({\n    method: 'POST',\n    url: '/api/withdraw',\n    body: this.userData.userData4,\n    failOnStatusCode: false\n  }).then(response => {\n    expect(response.status).to.eq(400);\n    expect(response.body.success).to.be.false;\n    expect(response.body.message).to.eq('Insufficient balance or invalid amount');\n  });\n});",
              "err": {},
              "uuid": "0026ea5c-5f82-4689-adc2-0c0d991a06a8",
              "parentUUID": "b65f09f3-296c-43dc-bb17-0ea322d2ef53",
              "isHook": false,
              "skipped": false
            },
            {
              "title": "TC_005_Validating_Empty_Withdraw_Payload",
              "fullTitle": "Testing withdraw API TC_005_Validating_Empty_Withdraw_Payload",
              "timedOut": null,
              "duration": 30,
              "state": "passed",
              "speed": "fast",
              "pass": true,
              "fail": false,
              "pending": false,
              "context": null,
              "code": "cy.fixture('withdraw').then(function (userData) {\n  this.userData = userData;\n  cy.request({\n    method: 'POST',\n    url: '/api/withdraw',\n    body: this.userData.userData5,\n    failOnStatusCode: false\n  }).then(response => {\n    expect(response.status).to.eq(400);\n    expect(response.body.success).to.be.false;\n    expect(response.body.message).contains('Invalid request');\n  });\n});",
              "err": {},
              "uuid": "a784f1df-ebc5-45db-932f-0402179a3810",
              "parentUUID": "b65f09f3-296c-43dc-bb17-0ea322d2ef53",
              "isHook": false,
              "skipped": false
            }
          ],
          "suites": [],
          "passes": [
            "ba152dea-1727-40fe-84a8-249d52334d5c",
            "55119809-14a4-4ba4-987f-c5f0f3ad50a7",
            "2db41f51-52dd-4ad8-b796-b983ed826cf9",
            "0026ea5c-5f82-4689-adc2-0c0d991a06a8",
            "a784f1df-ebc5-45db-932f-0402179a3810"
          ],
          "failures": [],
          "pending": [],
          "skipped": [],
          "duration": 184,
          "root": false,
          "rootEmpty": false,
          "_timeout": 2000
        }
      ],
      "passes": [],
      "failures": [],
      "pending": [],
      "skipped": [],
      "duration": 0,
      "root": true,
      "rootEmpty": true,
      "_timeout": 2000
    }
  ],
  "meta": {
    "mocha": {
      "version": "7.0.1"
    },
    "mochawesome": {
      "options": {
        "quiet": false,
        "reportFilename": "mochawesome",
        "saveHtml": false,
        "saveJson": true,
        "consoleReporter": "spec",
        "useInlineDiffs": false,
        "code": true
      },
      "version": "7.1.3"
    },
    "marge": {
      "options": {
        "reportDir": "cypress\\reports\\.jsons",
        "overwrite": false,
        "html": false,
        "json": true
      },
      "version": "6.2.0"
    }
  }
}