{
  "stats": {
    "suites": 1,
    "tests": 5,
    "passes": 5,
    "pending": 0,
    "failures": 0,
    "start": "2024-06-27T09:55:15.504Z",
    "end": "2024-06-27T09:55:15.826Z",
    "duration": 322,
    "testsRegistered": 5,
    "passPercent": 100,
    "pendingPercent": 0,
    "other": 0,
    "hasOther": false,
    "skipped": 0,
    "hasSkipped": false
  },
  "results": [
    {
      "uuid": "4bfe3395-acc6-4fd7-b0cb-62a45cc5b2de",
      "title": "",
      "fullFile": "cypress\\e2e\\deposit.cy.js",
      "file": "cypress\\e2e\\deposit.cy.js",
      "beforeHooks": [],
      "afterHooks": [],
      "tests": [],
      "suites": [
        {
          "uuid": "ce52e874-cd0a-4d97-9ddf-50f1232618f6",
          "title": "Testing deposit API",
          "fullFile": "",
          "file": "",
          "beforeHooks": [],
          "afterHooks": [],
          "tests": [
            {
              "title": "TC_001_Deposit_Amount_For_valid_UserID",
              "fullTitle": "Testing deposit API TC_001_Deposit_Amount_For_valid_UserID",
              "timedOut": null,
              "duration": 69,
              "state": "passed",
              "speed": "fast",
              "pass": true,
              "fail": false,
              "pending": false,
              "context": null,
              "code": "cy.fixture('deposit').then(function (userData) {\n  this.userData = userData;\n  cy.request('POST', '/api/deposit', this.userData.userData1).then(response => {\n    expect(response.status).to.eq(200);\n    expect(response.body.success).to.be.true;\n    expect(response.body.message).contains('Deposited');\n  });\n});",
              "err": {},
              "uuid": "2d6f88a5-a0c1-4b01-8216-dd9f0bc99395",
              "parentUUID": "ce52e874-cd0a-4d97-9ddf-50f1232618f6",
              "isHook": false,
              "skipped": false
            },
            {
              "title": "TC_002_Deposit_Amount_For_Invalid_UserID",
              "fullTitle": "Testing deposit API TC_002_Deposit_Amount_For_Invalid_UserID",
              "timedOut": null,
              "duration": 28,
              "state": "passed",
              "speed": "fast",
              "pass": true,
              "fail": false,
              "pending": false,
              "context": null,
              "code": "cy.fixture('deposit').then(function (userData) {\n  this.userData = userData;\n  cy.request({\n    method: 'POST',\n    url: '/api/deposit',\n    body: this.userData.userData2,\n    failOnStatusCode: false\n  }).then(response => {\n    expect(response.status).to.eq(404);\n    expect(response.body.success).to.be.false;\n    expect(response.body.message).contains('User not found');\n  });\n});",
              "err": {},
              "uuid": "7210eec3-9e97-4eb9-abaf-e1f60e3abeaf",
              "parentUUID": "ce52e874-cd0a-4d97-9ddf-50f1232618f6",
              "isHook": false,
              "skipped": false
            },
            {
              "title": "TC_003_Deposit_Zero_Amount_For_valid_User",
              "fullTitle": "Testing deposit API TC_003_Deposit_Zero_Amount_For_valid_User",
              "timedOut": null,
              "duration": 28,
              "state": "passed",
              "speed": "fast",
              "pass": true,
              "fail": false,
              "pending": false,
              "context": null,
              "code": "cy.fixture('deposit').then(function (userData) {\n  this.userData = userData;\n  cy.request({\n    method: 'POST',\n    url: '/api/deposit',\n    body: this.userData.userData3,\n    failOnStatusCode: false\n  }).then(response => {\n    expect(response.status).to.eq(400);\n    expect(response.body.success).to.be.false;\n    expect(response.body.message).to.eq('Invalid amount');\n  });\n});",
              "err": {},
              "uuid": "01ecc967-571c-4245-b08d-25fb1d0d99bd",
              "parentUUID": "ce52e874-cd0a-4d97-9ddf-50f1232618f6",
              "isHook": false,
              "skipped": false
            },
            {
              "title": "TC_004_Deposit_Amount_In_Decimal_Value",
              "fullTitle": "Testing deposit API TC_004_Deposit_Amount_In_Decimal_Value",
              "timedOut": null,
              "duration": 27,
              "state": "passed",
              "speed": "fast",
              "pass": true,
              "fail": false,
              "pending": false,
              "context": null,
              "code": "cy.fixture('deposit').then(function (userData) {\n  this.userData = userData;\n  cy.request({\n    method: 'POST',\n    url: '/api/deposit',\n    body: this.userData.userData4,\n    failOnStatusCode: false\n  }).then(response => {\n    expect(response.status).to.eq(200);\n    expect(response.body.success).to.be.true;\n    expect(response.body.message).contains('Deposited');\n  });\n});",
              "err": {},
              "uuid": "bdea94d9-6782-4227-ab4d-9e9ae19d0f1c",
              "parentUUID": "ce52e874-cd0a-4d97-9ddf-50f1232618f6",
              "isHook": false,
              "skipped": false
            },
            {
              "title": "TC_005_Deposit_Amount_In_Negative_Value",
              "fullTitle": "Testing deposit API TC_005_Deposit_Amount_In_Negative_Value",
              "timedOut": null,
              "duration": 31,
              "state": "passed",
              "speed": "fast",
              "pass": true,
              "fail": false,
              "pending": false,
              "context": null,
              "code": "cy.fixture('deposit').then(function (userData) {\n  this.userData = userData;\n  cy.request({\n    method: 'POST',\n    url: '/api/deposit',\n    body: this.userData.userData5,\n    failOnStatusCode: false\n  }).then(response => {\n    expect(response.status).to.eq(400);\n    expect(response.body.success).to.be.false;\n    expect(response.body.message).contains('Invalid amount');\n  });\n});",
              "err": {},
              "uuid": "f5acf7e4-8870-4db3-86b9-407f2614a1a8",
              "parentUUID": "ce52e874-cd0a-4d97-9ddf-50f1232618f6",
              "isHook": false,
              "skipped": false
            }
          ],
          "suites": [],
          "passes": [
            "2d6f88a5-a0c1-4b01-8216-dd9f0bc99395",
            "7210eec3-9e97-4eb9-abaf-e1f60e3abeaf",
            "01ecc967-571c-4245-b08d-25fb1d0d99bd",
            "bdea94d9-6782-4227-ab4d-9e9ae19d0f1c",
            "f5acf7e4-8870-4db3-86b9-407f2614a1a8"
          ],
          "failures": [],
          "pending": [],
          "skipped": [],
          "duration": 183,
          "root": false,
          "rootEmpty": false,
          "_timeout": 2000
        }
      ],
      "passes": [],
      "failures": [],
      "pending": [],
      "skipped": [],
      "duration": 0,
      "root": true,
      "rootEmpty": true,
      "_timeout": 2000
    }
  ],
  "meta": {
    "mocha": {
      "version": "7.0.1"
    },
    "mochawesome": {
      "options": {
        "quiet": false,
        "reportFilename": "mochawesome",
        "saveHtml": false,
        "saveJson": true,
        "consoleReporter": "spec",
        "useInlineDiffs": false,
        "code": true
      },
      "version": "7.1.3"
    },
    "marge": {
      "options": {
        "reportDir": "cypress\\reports\\.jsons",
        "overwrite": false,
        "html": false,
        "json": true
      },
      "version": "6.2.0"
    }
  }
}