{
  "stats": {
    "suites": 1,
    "tests": 3,
    "passes": 3,
    "pending": 0,
    "failures": 0,
    "start": "2024-06-27T09:55:19.218Z",
    "end": "2024-06-27T09:55:19.441Z",
    "duration": 223,
    "testsRegistered": 3,
    "passPercent": 100,
    "pendingPercent": 0,
    "other": 0,
    "hasOther": false,
    "skipped": 0,
    "hasSkipped": false
  },
  "results": [
    {
      "uuid": "ec7fc94d-c256-4ded-a06c-1464d593ad20",
      "title": "",
      "fullFile": "cypress\\e2e\\getBalance.cy.js",
      "file": "cypress\\e2e\\getBalance.cy.js",
      "beforeHooks": [],
      "afterHooks": [],
      "tests": [],
      "suites": [
        {
          "uuid": "9c397f41-b6b2-4080-a47f-4782c1a29d06",
          "title": "Testing withdraw API",
          "fullFile": "",
          "file": "",
          "beforeHooks": [],
          "afterHooks": [],
          "tests": [
            {
              "title": "TC_001_Check_Balance_For_Valid_User",
              "fullTitle": "Testing withdraw API TC_001_Check_Balance_For_Valid_User",
              "timedOut": null,
              "duration": 68,
              "state": "passed",
              "speed": "fast",
              "pass": true,
              "fail": false,
              "pending": false,
              "context": null,
              "code": "cy.fixture('getBalance').then(function (userData) {\n  this.userData = userData;\n  cy.request({\n    method: 'GET',\n    url: '/api/get_balance',\n    qs: this.userData.userData1\n  }).then(response => {\n    expect(response.status).to.eq(200);\n    expect(response.body.success).to.be.true;\n    expect(response.body).to.have.property('balance');\n  });\n});",
              "err": {},
              "uuid": "96833258-3fed-487a-8882-c9ea8be5d10a",
              "parentUUID": "9c397f41-b6b2-4080-a47f-4782c1a29d06",
              "isHook": false,
              "skipped": false
            },
            {
              "title": "TC_002_Check_Balance_For_Invalid_User",
              "fullTitle": "Testing withdraw API TC_002_Check_Balance_For_Invalid_User",
              "timedOut": null,
              "duration": 27,
              "state": "passed",
              "speed": "fast",
              "pass": true,
              "fail": false,
              "pending": false,
              "context": null,
              "code": "cy.fixture('getBalance').then(function (userData) {\n  this.userData = userData;\n  cy.request({\n    method: 'GET',\n    url: '/api/get_balance',\n    qs: this.userData.userData2,\n    failOnStatusCode: false\n  }).then(response => {\n    expect(response.status).to.eq(404);\n    expect(response.body.success).to.be.false;\n    expect(response.body.message).to.eq('User not found');\n  });\n});",
              "err": {},
              "uuid": "60fcad7d-efc9-4a30-beae-377a135b03ea",
              "parentUUID": "9c397f41-b6b2-4080-a47f-4782c1a29d06",
              "isHook": false,
              "skipped": false
            },
            {
              "title": "TC_003_Check_Balance_Without_QueryPaameter",
              "fullTitle": "Testing withdraw API TC_003_Check_Balance_Without_QueryPaameter",
              "timedOut": null,
              "duration": 30,
              "state": "passed",
              "speed": "fast",
              "pass": true,
              "fail": false,
              "pending": false,
              "context": null,
              "code": "cy.fixture('getBalance').then(function (userData) {\n  this.userData = userData;\n  cy.request({\n    method: 'GET',\n    url: '/api/get_balance',\n    qs: this.userData.userData3,\n    failOnStatusCode: false\n  }).then(response => {\n    expect(response.status).to.eq(404);\n    expect(response.body.success).to.be.false;\n    expect(response.body.message).to.eq('User not found');\n  });\n});",
              "err": {},
              "uuid": "b164dfa5-654c-4a4a-a049-e2438b731b49",
              "parentUUID": "9c397f41-b6b2-4080-a47f-4782c1a29d06",
              "isHook": false,
              "skipped": false
            }
          ],
          "suites": [],
          "passes": [
            "96833258-3fed-487a-8882-c9ea8be5d10a",
            "60fcad7d-efc9-4a30-beae-377a135b03ea",
            "b164dfa5-654c-4a4a-a049-e2438b731b49"
          ],
          "failures": [],
          "pending": [],
          "skipped": [],
          "duration": 125,
          "root": false,
          "rootEmpty": false,
          "_timeout": 2000
        }
      ],
      "passes": [],
      "failures": [],
      "pending": [],
      "skipped": [],
      "duration": 0,
      "root": true,
      "rootEmpty": true,
      "_timeout": 2000
    }
  ],
  "meta": {
    "mocha": {
      "version": "7.0.1"
    },
    "mochawesome": {
      "options": {
        "quiet": false,
        "reportFilename": "mochawesome",
        "saveHtml": false,
        "saveJson": true,
        "consoleReporter": "spec",
        "useInlineDiffs": false,
        "code": true
      },
      "version": "7.1.3"
    },
    "marge": {
      "options": {
        "reportDir": "cypress\\reports\\.jsons",
        "overwrite": false,
        "html": false,
        "json": true
      },
      "version": "6.2.0"
    }
  }
}