{
  "stats": {
    "suites": 1,
    "tests": 3,
    "passes": 3,
    "pending": 0,
    "failures": 0,
    "start": "2024-06-27T10:18:00.750Z",
    "end": "2024-06-27T10:18:00.976Z",
    "duration": 226,
    "testsRegistered": 3,
    "passPercent": 100,
    "pendingPercent": 0,
    "other": 0,
    "hasOther": false,
    "skipped": 0,
    "hasSkipped": false
  },
  "results": [
    {
      "uuid": "f836d6b9-2198-40d9-a543-6f09a0d3aa12",
      "title": "",
      "fullFile": "cypress\\e2e\\getBalance.cy.js",
      "file": "cypress\\e2e\\getBalance.cy.js",
      "beforeHooks": [],
      "afterHooks": [],
      "tests": [],
      "suites": [
        {
          "uuid": "21abe026-8e87-452e-8435-4f3baa019159",
          "title": "Testing withdraw API",
          "fullFile": "",
          "file": "",
          "beforeHooks": [],
          "afterHooks": [],
          "tests": [
            {
              "title": "TC_001_Check_Balance_For_Valid_User",
              "fullTitle": "Testing withdraw API TC_001_Check_Balance_For_Valid_User",
              "timedOut": null,
              "duration": 71,
              "state": "passed",
              "speed": "fast",
              "pass": true,
              "fail": false,
              "pending": false,
              "context": null,
              "code": "cy.fixture('getBalance').then(function (userData) {\n  this.userData = userData;\n  cy.request({\n    method: 'GET',\n    url: '/api/get_balance',\n    qs: this.userData.userData1\n  }).then(response => {\n    expect(response.status).to.eq(200);\n    expect(response.body.success).to.be.true;\n    expect(response.body).to.have.property('balance');\n  });\n});",
              "err": {},
              "uuid": "50fa9314-20a2-4508-9659-d522bd1ecc3a",
              "parentUUID": "21abe026-8e87-452e-8435-4f3baa019159",
              "isHook": false,
              "skipped": false
            },
            {
              "title": "TC_002_Check_Balance_For_Invalid_User",
              "fullTitle": "Testing withdraw API TC_002_Check_Balance_For_Invalid_User",
              "timedOut": null,
              "duration": 27,
              "state": "passed",
              "speed": "fast",
              "pass": true,
              "fail": false,
              "pending": false,
              "context": null,
              "code": "cy.fixture('getBalance').then(function (userData) {\n  this.userData = userData;\n  cy.request({\n    method: 'GET',\n    url: '/api/get_balance',\n    qs: this.userData.userData2,\n    failOnStatusCode: false\n  }).then(response => {\n    expect(response.status).to.eq(404);\n    expect(response.body.success).to.be.false;\n    expect(response.body.message).to.eq('User not found');\n  });\n});",
              "err": {},
              "uuid": "e3f93902-a91e-4c4c-bf00-c2ed52baa096",
              "parentUUID": "21abe026-8e87-452e-8435-4f3baa019159",
              "isHook": false,
              "skipped": false
            },
            {
              "title": "TC_003_Check_Balance_Without_QueryPaameter",
              "fullTitle": "Testing withdraw API TC_003_Check_Balance_Without_QueryPaameter",
              "timedOut": null,
              "duration": 29,
              "state": "passed",
              "speed": "fast",
              "pass": true,
              "fail": false,
              "pending": false,
              "context": null,
              "code": "cy.fixture('getBalance').then(function (userData) {\n  this.userData = userData;\n  cy.request({\n    method: 'GET',\n    url: '/api/get_balance',\n    qs: this.userData.userData3,\n    failOnStatusCode: false\n  }).then(response => {\n    expect(response.status).to.eq(404);\n    expect(response.body.success).to.be.false;\n    expect(response.body.message).to.eq('User not found');\n  });\n});",
              "err": {},
              "uuid": "c717f7a3-a5e5-4572-8032-6d58c1608617",
              "parentUUID": "21abe026-8e87-452e-8435-4f3baa019159",
              "isHook": false,
              "skipped": false
            }
          ],
          "suites": [],
          "passes": [
            "50fa9314-20a2-4508-9659-d522bd1ecc3a",
            "e3f93902-a91e-4c4c-bf00-c2ed52baa096",
            "c717f7a3-a5e5-4572-8032-6d58c1608617"
          ],
          "failures": [],
          "pending": [],
          "skipped": [],
          "duration": 127,
          "root": false,
          "rootEmpty": false,
          "_timeout": 2000
        }
      ],
      "passes": [],
      "failures": [],
      "pending": [],
      "skipped": [],
      "duration": 0,
      "root": true,
      "rootEmpty": true,
      "_timeout": 2000
    }
  ],
  "meta": {
    "mocha": {
      "version": "7.0.1"
    },
    "mochawesome": {
      "options": {
        "quiet": false,
        "reportFilename": "mochawesome",
        "saveHtml": false,
        "saveJson": true,
        "consoleReporter": "spec",
        "useInlineDiffs": false,
        "code": true
      },
      "version": "7.1.3"
    },
    "marge": {
      "options": {
        "reportDir": "cypress\\reports\\.jsons",
        "overwrite": false,
        "html": false,
        "json": true
      },
      "version": "6.2.0"
    }
  }
}