{
  "stats": {
    "suites": 1,
    "tests": 5,
    "passes": 5,
    "pending": 0,
    "failures": 0,
    "start": "2024-06-27T10:18:04.348Z",
    "end": "2024-06-27T10:18:04.672Z",
    "duration": 324,
    "testsRegistered": 5,
    "passPercent": 100,
    "pendingPercent": 0,
    "other": 0,
    "hasOther": false,
    "skipped": 0,
    "hasSkipped": false
  },
  "results": [
    {
      "uuid": "57b9cd0a-ca4c-4af9-b031-89dfc663d9f5",
      "title": "",
      "fullFile": "cypress\\e2e\\send.cy.js",
      "file": "cypress\\e2e\\send.cy.js",
      "beforeHooks": [],
      "afterHooks": [],
      "tests": [],
      "suites": [
        {
          "uuid": "39af88af-10ab-422f-9b22-6e75b1b25ba0",
          "title": "Testing Send API",
          "fullFile": "",
          "file": "",
          "beforeHooks": [],
          "afterHooks": [],
          "tests": [
            {
              "title": "TC_001_Validate_Send_For_Valid_User",
              "fullTitle": "Testing Send API TC_001_Validate_Send_For_Valid_User",
              "timedOut": null,
              "duration": 67,
              "state": "passed",
              "speed": "fast",
              "pass": true,
              "fail": false,
              "pending": false,
              "context": null,
              "code": "cy.fixture('send').then(function (userData) {\n  this.userData = userData;\n  cy.request('POST', '/api/send', this.userData.userData1).then(response => {\n    expect(response.status).to.eq(200);\n    expect(response.body.success).to.be.true;\n    expect(response.body.message).to.contains('Sent ' + this.userData.userData1.amount);\n  });\n});",
              "err": {},
              "uuid": "4bbad6a7-ace7-44fe-a1bb-608694492f37",
              "parentUUID": "39af88af-10ab-422f-9b22-6e75b1b25ba0",
              "isHook": false,
              "skipped": false
            },
            {
              "title": "TC_002_Validate_Send_For_Invalid_Recipient",
              "fullTitle": "Testing Send API TC_002_Validate_Send_For_Invalid_Recipient",
              "timedOut": null,
              "duration": 29,
              "state": "passed",
              "speed": "fast",
              "pass": true,
              "fail": false,
              "pending": false,
              "context": null,
              "code": "cy.fixture('send').then(function (userData) {\n  this.userData = userData;\n  cy.request({\n    method: 'POST',\n    url: '/api/send',\n    body: this.userData.userData2,\n    failOnStatusCode: false\n  }).then(response => {\n    expect(response.status).to.eq(404);\n    expect(response.body.success).to.be.false;\n    expect(response.body.message).to.eq(\"Recipient not found\");\n  });\n});",
              "err": {},
              "uuid": "1e5867c7-a847-4b53-89f9-8cbc5b99a84f",
              "parentUUID": "39af88af-10ab-422f-9b22-6e75b1b25ba0",
              "isHook": false,
              "skipped": false
            },
            {
              "title": "TC_003_Validate_Send_For_Invalid_Sender",
              "fullTitle": "Testing Send API TC_003_Validate_Send_For_Invalid_Sender",
              "timedOut": null,
              "duration": 28,
              "state": "passed",
              "speed": "fast",
              "pass": true,
              "fail": false,
              "pending": false,
              "context": null,
              "code": "cy.fixture('send').then(function (userData) {\n  this.userData = userData;\n  cy.request({\n    method: 'POST',\n    url: '/api/send',\n    body: this.userData.userData3,\n    failOnStatusCode: false\n  }).then(response => {\n    expect(response.status).to.eq(404);\n    expect(response.body.success).to.be.false;\n    expect(response.body.message).to.eq('Sender not found');\n  });\n});",
              "err": {},
              "uuid": "d0bafe8b-83c0-4728-8b44-a913abda4bbc",
              "parentUUID": "39af88af-10ab-422f-9b22-6e75b1b25ba0",
              "isHook": false,
              "skipped": false
            },
            {
              "title": "TC_004_Validate_Send_For_Amount_Greater_Than_Balance",
              "fullTitle": "Testing Send API TC_004_Validate_Send_For_Amount_Greater_Than_Balance",
              "timedOut": null,
              "duration": 29,
              "state": "passed",
              "speed": "fast",
              "pass": true,
              "fail": false,
              "pending": false,
              "context": null,
              "code": "cy.fixture('send').then(function (userData) {\n  this.userData = userData;\n  cy.request({\n    method: 'POST',\n    url: '/api/send',\n    body: this.userData.userData4,\n    failOnStatusCode: false\n  }).then(response => {\n    expect(response.status).to.eq(400);\n    expect(response.body.success).to.be.false;\n    expect(response.body.message).to.eq('Insufficient balance or invalid amount');\n  });\n});",
              "err": {},
              "uuid": "c52603ff-3a9f-49bd-8b3c-b7c12fa2bb65",
              "parentUUID": "39af88af-10ab-422f-9b22-6e75b1b25ba0",
              "isHook": false,
              "skipped": false
            },
            {
              "title": "TC_005_Validating_Send_For_Negative_Value",
              "fullTitle": "Testing Send API TC_005_Validating_Send_For_Negative_Value",
              "timedOut": null,
              "duration": 29,
              "state": "passed",
              "speed": "fast",
              "pass": true,
              "fail": false,
              "pending": false,
              "context": null,
              "code": "cy.fixture('send').then(function (userData) {\n  this.userData = userData;\n  cy.request({\n    method: 'POST',\n    url: '/api/send',\n    body: this.userData.userData5,\n    failOnStatusCode: false\n  }).then(response => {\n    expect(response.status).to.eq(400);\n    expect(response.body.success).to.be.false;\n    expect(response.body.message).contains('Insufficient balance or invalid amount');\n  });\n});",
              "err": {},
              "uuid": "a5027677-984c-4879-bba3-6a7315793147",
              "parentUUID": "39af88af-10ab-422f-9b22-6e75b1b25ba0",
              "isHook": false,
              "skipped": false
            }
          ],
          "suites": [],
          "passes": [
            "4bbad6a7-ace7-44fe-a1bb-608694492f37",
            "1e5867c7-a847-4b53-89f9-8cbc5b99a84f",
            "d0bafe8b-83c0-4728-8b44-a913abda4bbc",
            "c52603ff-3a9f-49bd-8b3c-b7c12fa2bb65",
            "a5027677-984c-4879-bba3-6a7315793147"
          ],
          "failures": [],
          "pending": [],
          "skipped": [],
          "duration": 182,
          "root": false,
          "rootEmpty": false,
          "_timeout": 2000
        }
      ],
      "passes": [],
      "failures": [],
      "pending": [],
      "skipped": [],
      "duration": 0,
      "root": true,
      "rootEmpty": true,
      "_timeout": 2000
    }
  ],
  "meta": {
    "mocha": {
      "version": "7.0.1"
    },
    "mochawesome": {
      "options": {
        "quiet": false,
        "reportFilename": "mochawesome",
        "saveHtml": false,
        "saveJson": true,
        "consoleReporter": "spec",
        "useInlineDiffs": false,
        "code": true
      },
      "version": "7.1.3"
    },
    "marge": {
      "options": {
        "reportDir": "cypress\\reports\\.jsons",
        "overwrite": false,
        "html": false,
        "json": true
      },
      "version": "6.2.0"
    }
  }
}