{
  "stats": {
    "suites": 1,
    "tests": 5,
    "passes": 5,
    "pending": 0,
    "failures": 0,
    "start": "2024-06-27T10:17:53.443Z",
    "end": "2024-06-27T10:17:54.063Z",
    "duration": 620,
    "testsRegistered": 5,
    "passPercent": 100,
    "pendingPercent": 0,
    "other": 0,
    "hasOther": false,
    "skipped": 0,
    "hasSkipped": false
  },
  "results": [
    {
      "uuid": "bdc4644d-b750-4f59-9fe8-76d737d186b0",
      "title": "",
      "fullFile": "cypress\\e2e\\createUser.cy.js",
      "file": "cypress\\e2e\\createUser.cy.js",
      "beforeHooks": [],
      "afterHooks": [],
      "tests": [],
      "suites": [
        {
          "uuid": "4ae3bf4b-9d6d-4fde-bd4a-24027c37ac68",
          "title": "Testing create_user API",
          "fullFile": "",
          "file": "",
          "beforeHooks": [],
          "afterHooks": [],
          "tests": [
            {
              "title": "TC_001_Create_User_with_valid_data",
              "fullTitle": "Testing create_user API TC_001_Create_User_with_valid_data",
              "timedOut": null,
              "duration": 209,
              "state": "passed",
              "speed": "fast",
              "pass": true,
              "fail": false,
              "pending": false,
              "context": null,
              "code": "cy.fixture('createUser').then(function (userData) {\n  this.userData = userData;\n  cy.request({\n    method: 'POST',\n    url: '/api/createUser',\n    body: this.userData.userData1\n  }).then(response => {\n    expect(response.status).to.eq(201);\n    expect(response.body.success).to.be.true;\n    expect(response.body.message).to.equal('User created successfully');\n    expect(response.body).to.have.property('id');\n  });\n});",
              "err": {},
              "uuid": "df7840b6-cc4f-47ef-ae99-293b4bbfa950",
              "parentUUID": "4ae3bf4b-9d6d-4fde-bd4a-24027c37ac68",
              "isHook": false,
              "skipped": false
            },
            {
              "title": "TC_002_Create_Second_User_with_valid_data",
              "fullTitle": "Testing create_user API TC_002_Create_Second_User_with_valid_data",
              "timedOut": null,
              "duration": 54,
              "state": "passed",
              "speed": "fast",
              "pass": true,
              "fail": false,
              "pending": false,
              "context": null,
              "code": "cy.fixture('createUser').then(function (userData) {\n  this.userData = userData;\n  cy.request({\n    method: 'POST',\n    url: '/api/createUser',\n    body: this.userData.userData2\n  }).then(response => {\n    expect(response.status).to.eq(201);\n    expect(response.body.success).to.be.true;\n    expect(response.body.message).to.equal('User created successfully');\n    expect(response.body).to.have.property('id');\n  });\n});",
              "err": {},
              "uuid": "bb76d06b-931a-4e37-b753-267e56d10e2f",
              "parentUUID": "4ae3bf4b-9d6d-4fde-bd4a-24027c37ac68",
              "isHook": false,
              "skipped": false
            },
            {
              "title": "TC_003_Create_User_with_Missing_Argument",
              "fullTitle": "Testing create_user API TC_003_Create_User_with_Missing_Argument",
              "timedOut": null,
              "duration": 60,
              "state": "passed",
              "speed": "fast",
              "pass": true,
              "fail": false,
              "pending": false,
              "context": null,
              "code": "cy.fixture('createUser').then(function (userData) {\n  this.userData = userData;\n  cy.request({\n    method: 'POST',\n    url: '/api/createUser',\n    body: this.userData.userData3,\n    failOnStatusCode: false\n  }).then(response => {\n    expect(response.status).to.eq(400);\n    expect(response.body.success).to.be.false;\n    expect(response.body.message).contains(\"Missing required arguments\");\n  });\n});",
              "err": {},
              "uuid": "0a10852b-efe9-4aaa-bd23-c196b8068604",
              "parentUUID": "4ae3bf4b-9d6d-4fde-bd4a-24027c37ac68",
              "isHook": false,
              "skipped": false
            },
            {
              "title": "TC_004_Create_User_with_Empty_Payload",
              "fullTitle": "Testing create_user API TC_004_Create_User_with_Empty_Payload",
              "timedOut": null,
              "duration": 51,
              "state": "passed",
              "speed": "fast",
              "pass": true,
              "fail": false,
              "pending": false,
              "context": null,
              "code": "cy.fixture('createUser').then(function (userData) {\n  this.userData = userData;\n  cy.request({\n    method: 'POST',\n    url: '/api/createUser',\n    body: this.userData.userData4,\n    failOnStatusCode: false\n  }).then(response => {\n    expect(response.status).to.eq(400);\n    expect(response.body.success).to.be.false;\n    expect(response.body.message).to.equal('Phone number must be equal to 10 characters');\n  });\n});",
              "err": {},
              "uuid": "af754ae1-ee3a-4494-9a38-d1545d5d5e3b",
              "parentUUID": "4ae3bf4b-9d6d-4fde-bd4a-24027c37ac68",
              "isHook": false,
              "skipped": false
            },
            {
              "title": "TC_005_Validating_Create_User_API_Response_Time",
              "fullTitle": "Testing create_user API TC_005_Validating_Create_User_API_Response_Time",
              "timedOut": null,
              "duration": 34,
              "state": "passed",
              "speed": "fast",
              "pass": true,
              "fail": false,
              "pending": false,
              "context": null,
              "code": "cy.fixture('createUser').then(function (userData) {\n  this.userData = userData;\n  cy.request({\n    method: 'POST',\n    url: '/api/createUser',\n    body: this.userData.userData5,\n    failOnStatusCode: false\n  }).then(response => {\n    expect(response.status).to.eq(201);\n    expect(response.body.success).to.be.true;\n    expect(response.duration).to.be.lessThan(2000);\n  });\n});",
              "err": {},
              "uuid": "b5f5e8af-df85-4544-9b2a-968495289cc3",
              "parentUUID": "4ae3bf4b-9d6d-4fde-bd4a-24027c37ac68",
              "isHook": false,
              "skipped": false
            }
          ],
          "suites": [],
          "passes": [
            "df7840b6-cc4f-47ef-ae99-293b4bbfa950",
            "bb76d06b-931a-4e37-b753-267e56d10e2f",
            "0a10852b-efe9-4aaa-bd23-c196b8068604",
            "af754ae1-ee3a-4494-9a38-d1545d5d5e3b",
            "b5f5e8af-df85-4544-9b2a-968495289cc3"
          ],
          "failures": [],
          "pending": [],
          "skipped": [],
          "duration": 408,
          "root": false,
          "rootEmpty": false,
          "_timeout": 2000
        }
      ],
      "passes": [],
      "failures": [],
      "pending": [],
      "skipped": [],
      "duration": 0,
      "root": true,
      "rootEmpty": true,
      "_timeout": 2000
    }
  ],
  "meta": {
    "mocha": {
      "version": "7.0.1"
    },
    "mochawesome": {
      "options": {
        "quiet": false,
        "reportFilename": "mochawesome",
        "saveHtml": false,
        "saveJson": true,
        "consoleReporter": "spec",
        "useInlineDiffs": false,
        "code": true
      },
      "version": "7.1.3"
    },
    "marge": {
      "options": {
        "reportDir": "cypress\\reports\\.jsons",
        "overwrite": false,
        "html": false,
        "json": true
      },
      "version": "6.2.0"
    }
  }
}