{
  "stats": {
    "suites": 1,
    "tests": 5,
    "passes": 5,
    "pending": 0,
    "failures": 0,
    "start": "2024-06-27T10:09:40.046Z",
    "end": "2024-06-27T10:09:40.371Z",
    "duration": 325,
    "testsRegistered": 5,
    "passPercent": 100,
    "pendingPercent": 0,
    "other": 0,
    "hasOther": false,
    "skipped": 0,
    "hasSkipped": false
  },
  "results": [
    {
      "uuid": "027b8fef-1909-4910-93ff-c35d0cd6dd45",
      "title": "",
      "fullFile": "cypress\\e2e\\send.cy.js",
      "file": "cypress\\e2e\\send.cy.js",
      "beforeHooks": [],
      "afterHooks": [],
      "tests": [],
      "suites": [
        {
          "uuid": "4f0fb221-c827-4c3a-bcdc-8681deeba9d1",
          "title": "Testing Send API",
          "fullFile": "",
          "file": "",
          "beforeHooks": [],
          "afterHooks": [],
          "tests": [
            {
              "title": "TC_001_Validate_Send_For_Valid_User",
              "fullTitle": "Testing Send API TC_001_Validate_Send_For_Valid_User",
              "timedOut": null,
              "duration": 69,
              "state": "passed",
              "speed": "fast",
              "pass": true,
              "fail": false,
              "pending": false,
              "context": null,
              "code": "cy.fixture('send').then(function (userData) {\n  this.userData = userData;\n  cy.request('POST', '/api/send', this.userData.userData1).then(response => {\n    expect(response.status).to.eq(200);\n    expect(response.body.success).to.be.true;\n    expect(response.body.message).to.contains('Sent ' + this.userData.userData1.amount);\n  });\n});",
              "err": {},
              "uuid": "d1020fed-2b5c-4e62-bc2a-8883c7861a50",
              "parentUUID": "4f0fb221-c827-4c3a-bcdc-8681deeba9d1",
              "isHook": false,
              "skipped": false
            },
            {
              "title": "TC_002_Validate_Send_For_Invalid_Recipient",
              "fullTitle": "Testing Send API TC_002_Validate_Send_For_Invalid_Recipient",
              "timedOut": null,
              "duration": 27,
              "state": "passed",
              "speed": "fast",
              "pass": true,
              "fail": false,
              "pending": false,
              "context": null,
              "code": "cy.fixture('send').then(function (userData) {\n  this.userData = userData;\n  cy.request({\n    method: 'POST',\n    url: '/api/send',\n    body: this.userData.userData2,\n    failOnStatusCode: false\n  }).then(response => {\n    expect(response.status).to.eq(404);\n    expect(response.body.success).to.be.false;\n    expect(response.body.message).to.eq(\"Recipient not found\");\n  });\n});",
              "err": {},
              "uuid": "41ef4558-b021-4642-a952-f83a552e51cd",
              "parentUUID": "4f0fb221-c827-4c3a-bcdc-8681deeba9d1",
              "isHook": false,
              "skipped": false
            },
            {
              "title": "TC_003_Validate_Send_For_Invalid_Sender",
              "fullTitle": "Testing Send API TC_003_Validate_Send_For_Invalid_Sender",
              "timedOut": null,
              "duration": 31,
              "state": "passed",
              "speed": "fast",
              "pass": true,
              "fail": false,
              "pending": false,
              "context": null,
              "code": "cy.fixture('send').then(function (userData) {\n  this.userData = userData;\n  cy.request({\n    method: 'POST',\n    url: '/api/send',\n    body: this.userData.userData3,\n    failOnStatusCode: false\n  }).then(response => {\n    expect(response.status).to.eq(404);\n    expect(response.body.success).to.be.false;\n    expect(response.body.message).to.eq('Sender not found');\n  });\n});",
              "err": {},
              "uuid": "252c09bb-3d5c-436a-8448-2f8d3d10739f",
              "parentUUID": "4f0fb221-c827-4c3a-bcdc-8681deeba9d1",
              "isHook": false,
              "skipped": false
            },
            {
              "title": "TC_004_Validate_Send_For_Amount_Greater_Than_Balance",
              "fullTitle": "Testing Send API TC_004_Validate_Send_For_Amount_Greater_Than_Balance",
              "timedOut": null,
              "duration": 28,
              "state": "passed",
              "speed": "fast",
              "pass": true,
              "fail": false,
              "pending": false,
              "context": null,
              "code": "cy.fixture('send').then(function (userData) {\n  this.userData = userData;\n  cy.request({\n    method: 'POST',\n    url: '/api/send',\n    body: this.userData.userData4,\n    failOnStatusCode: false\n  }).then(response => {\n    expect(response.status).to.eq(400);\n    expect(response.body.success).to.be.false;\n    expect(response.body.message).to.eq('Insufficient balance or invalid amount');\n  });\n});",
              "err": {},
              "uuid": "dd6457bc-c7c4-4c2b-93af-dbd73004ca33",
              "parentUUID": "4f0fb221-c827-4c3a-bcdc-8681deeba9d1",
              "isHook": false,
              "skipped": false
            },
            {
              "title": "TC_005_Validating_Send_For_Negative_Value",
              "fullTitle": "Testing Send API TC_005_Validating_Send_For_Negative_Value",
              "timedOut": null,
              "duration": 28,
              "state": "passed",
              "speed": "fast",
              "pass": true,
              "fail": false,
              "pending": false,
              "context": null,
              "code": "cy.fixture('send').then(function (userData) {\n  this.userData = userData;\n  cy.request({\n    method: 'POST',\n    url: '/api/send',\n    body: this.userData.userData5,\n    failOnStatusCode: false\n  }).then(response => {\n    expect(response.status).to.eq(400);\n    expect(response.body.success).to.be.false;\n    expect(response.body.message).contains('Insufficient balance or invalid amount');\n  });\n});",
              "err": {},
              "uuid": "bb9c8255-1b08-4d23-b848-612a3a51d312",
              "parentUUID": "4f0fb221-c827-4c3a-bcdc-8681deeba9d1",
              "isHook": false,
              "skipped": false
            }
          ],
          "suites": [],
          "passes": [
            "d1020fed-2b5c-4e62-bc2a-8883c7861a50",
            "41ef4558-b021-4642-a952-f83a552e51cd",
            "252c09bb-3d5c-436a-8448-2f8d3d10739f",
            "dd6457bc-c7c4-4c2b-93af-dbd73004ca33",
            "bb9c8255-1b08-4d23-b848-612a3a51d312"
          ],
          "failures": [],
          "pending": [],
          "skipped": [],
          "duration": 183,
          "root": false,
          "rootEmpty": false,
          "_timeout": 2000
        }
      ],
      "passes": [],
      "failures": [],
      "pending": [],
      "skipped": [],
      "duration": 0,
      "root": true,
      "rootEmpty": true,
      "_timeout": 2000
    }
  ],
  "meta": {
    "mocha": {
      "version": "7.0.1"
    },
    "mochawesome": {
      "options": {
        "quiet": false,
        "reportFilename": "mochawesome",
        "saveHtml": false,
        "saveJson": true,
        "consoleReporter": "spec",
        "useInlineDiffs": false,
        "code": true
      },
      "version": "7.1.3"
    },
    "marge": {
      "options": {
        "reportDir": "cypress\\reports\\.jsons",
        "overwrite": false,
        "html": false,
        "json": true
      },
      "version": "6.2.0"
    }
  }
}