{
  "stats": {
    "suites": 1,
    "tests": 5,
    "passes": 5,
    "pending": 0,
    "failures": 0,
    "start": "2024-06-27T10:09:33.468Z",
    "end": "2024-06-27T10:09:33.793Z",
    "duration": 325,
    "testsRegistered": 5,
    "passPercent": 100,
    "pendingPercent": 0,
    "other": 0,
    "hasOther": false,
    "skipped": 0,
    "hasSkipped": false
  },
  "results": [
    {
      "uuid": "26b70a76-f219-4a9c-84a1-7ab4fd9a6a14",
      "title": "",
      "fullFile": "cypress\\e2e\\deposit.cy.js",
      "file": "cypress\\e2e\\deposit.cy.js",
      "beforeHooks": [],
      "afterHooks": [],
      "tests": [],
      "suites": [
        {
          "uuid": "9b99aa6d-5d1c-4a44-b88e-78d40dc42571",
          "title": "Testing deposit API",
          "fullFile": "",
          "file": "",
          "beforeHooks": [],
          "afterHooks": [],
          "tests": [
            {
              "title": "TC_001_Deposit_Amount_For_valid_UserID",
              "fullTitle": "Testing deposit API TC_001_Deposit_Amount_For_valid_UserID",
              "timedOut": null,
              "duration": 65,
              "state": "passed",
              "speed": "fast",
              "pass": true,
              "fail": false,
              "pending": false,
              "context": null,
              "code": "cy.fixture('deposit').then(function (userData) {\n  this.userData = userData;\n  cy.request('POST', '/api/deposit', this.userData.userData1).then(response => {\n    expect(response.status).to.eq(200);\n    expect(response.body.success).to.be.true;\n    expect(response.body.message).contains('Deposited');\n  });\n});",
              "err": {},
              "uuid": "396da196-23cc-4c2c-ad05-5f90fa34e2c9",
              "parentUUID": "9b99aa6d-5d1c-4a44-b88e-78d40dc42571",
              "isHook": false,
              "skipped": false
            },
            {
              "title": "TC_002_Deposit_Amount_For_Invalid_UserID",
              "fullTitle": "Testing deposit API TC_002_Deposit_Amount_For_Invalid_UserID",
              "timedOut": null,
              "duration": 27,
              "state": "passed",
              "speed": "fast",
              "pass": true,
              "fail": false,
              "pending": false,
              "context": null,
              "code": "cy.fixture('deposit').then(function (userData) {\n  this.userData = userData;\n  cy.request({\n    method: 'POST',\n    url: '/api/deposit',\n    body: this.userData.userData2,\n    failOnStatusCode: false\n  }).then(response => {\n    expect(response.status).to.eq(404);\n    expect(response.body.success).to.be.false;\n    expect(response.body.message).contains('User not found');\n  });\n});",
              "err": {},
              "uuid": "23076eb5-d9a9-494e-8cb6-8bd26f96cbaf",
              "parentUUID": "9b99aa6d-5d1c-4a44-b88e-78d40dc42571",
              "isHook": false,
              "skipped": false
            },
            {
              "title": "TC_003_Deposit_Zero_Amount_For_valid_User",
              "fullTitle": "Testing deposit API TC_003_Deposit_Zero_Amount_For_valid_User",
              "timedOut": null,
              "duration": 31,
              "state": "passed",
              "speed": "fast",
              "pass": true,
              "fail": false,
              "pending": false,
              "context": null,
              "code": "cy.fixture('deposit').then(function (userData) {\n  this.userData = userData;\n  cy.request({\n    method: 'POST',\n    url: '/api/deposit',\n    body: this.userData.userData3,\n    failOnStatusCode: false\n  }).then(response => {\n    expect(response.status).to.eq(400);\n    expect(response.body.success).to.be.false;\n    expect(response.body.message).to.eq('Invalid amount');\n  });\n});",
              "err": {},
              "uuid": "f7854cca-c2e8-4640-a5e1-11d530c981b4",
              "parentUUID": "9b99aa6d-5d1c-4a44-b88e-78d40dc42571",
              "isHook": false,
              "skipped": false
            },
            {
              "title": "TC_004_Deposit_Amount_In_Decimal_Value",
              "fullTitle": "Testing deposit API TC_004_Deposit_Amount_In_Decimal_Value",
              "timedOut": null,
              "duration": 36,
              "state": "passed",
              "speed": "fast",
              "pass": true,
              "fail": false,
              "pending": false,
              "context": null,
              "code": "cy.fixture('deposit').then(function (userData) {\n  this.userData = userData;\n  cy.request({\n    method: 'POST',\n    url: '/api/deposit',\n    body: this.userData.userData4,\n    failOnStatusCode: false\n  }).then(response => {\n    expect(response.status).to.eq(200);\n    expect(response.body.success).to.be.true;\n    expect(response.body.message).contains('Deposited');\n  });\n});",
              "err": {},
              "uuid": "0a070ca6-7f5b-4caf-b9be-c2f53044c866",
              "parentUUID": "9b99aa6d-5d1c-4a44-b88e-78d40dc42571",
              "isHook": false,
              "skipped": false
            },
            {
              "title": "TC_005_Deposit_Amount_In_Negative_Value",
              "fullTitle": "Testing deposit API TC_005_Deposit_Amount_In_Negative_Value",
              "timedOut": null,
              "duration": 30,
              "state": "passed",
              "speed": "fast",
              "pass": true,
              "fail": false,
              "pending": false,
              "context": null,
              "code": "cy.fixture('deposit').then(function (userData) {\n  this.userData = userData;\n  cy.request({\n    method: 'POST',\n    url: '/api/deposit',\n    body: this.userData.userData5,\n    failOnStatusCode: false\n  }).then(response => {\n    expect(response.status).to.eq(400);\n    expect(response.body.success).to.be.false;\n    expect(response.body.message).contains('Invalid amount');\n  });\n});",
              "err": {},
              "uuid": "7ab7904d-aad0-49b6-b37d-6ff36713bfa4",
              "parentUUID": "9b99aa6d-5d1c-4a44-b88e-78d40dc42571",
              "isHook": false,
              "skipped": false
            }
          ],
          "suites": [],
          "passes": [
            "396da196-23cc-4c2c-ad05-5f90fa34e2c9",
            "23076eb5-d9a9-494e-8cb6-8bd26f96cbaf",
            "f7854cca-c2e8-4640-a5e1-11d530c981b4",
            "0a070ca6-7f5b-4caf-b9be-c2f53044c866",
            "7ab7904d-aad0-49b6-b37d-6ff36713bfa4"
          ],
          "failures": [],
          "pending": [],
          "skipped": [],
          "duration": 189,
          "root": false,
          "rootEmpty": false,
          "_timeout": 2000
        }
      ],
      "passes": [],
      "failures": [],
      "pending": [],
      "skipped": [],
      "duration": 0,
      "root": true,
      "rootEmpty": true,
      "_timeout": 2000
    }
  ],
  "meta": {
    "mocha": {
      "version": "7.0.1"
    },
    "mochawesome": {
      "options": {
        "quiet": false,
        "reportFilename": "mochawesome",
        "saveHtml": false,
        "saveJson": true,
        "consoleReporter": "spec",
        "useInlineDiffs": false,
        "code": true
      },
      "version": "7.1.3"
    },
    "marge": {
      "options": {
        "reportDir": "cypress\\reports\\.jsons",
        "overwrite": false,
        "html": false,
        "json": true
      },
      "version": "6.2.0"
    }
  }
}