{
  "stats": {
    "suites": 1,
    "tests": 5,
    "passes": 5,
    "pending": 0,
    "failures": 0,
    "start": "2024-06-27T10:18:07.659Z",
    "end": "2024-06-27T10:18:07.976Z",
    "duration": 317,
    "testsRegistered": 5,
    "passPercent": 100,
    "pendingPercent": 0,
    "other": 0,
    "hasOther": false,
    "skipped": 0,
    "hasSkipped": false
  },
  "results": [
    {
      "uuid": "f0e96138-84d1-4b46-98b9-8a6f7c4e04d3",
      "title": "",
      "fullFile": "cypress\\e2e\\withdraw.cy.js",
      "file": "cypress\\e2e\\withdraw.cy.js",
      "beforeHooks": [],
      "afterHooks": [],
      "tests": [],
      "suites": [
        {
          "uuid": "e7844e5a-c2ca-4b91-b82d-d062b6ac3561",
          "title": "Testing withdraw API",
          "fullFile": "",
          "file": "",
          "beforeHooks": [],
          "afterHooks": [],
          "tests": [
            {
              "title": "TC_001_Validate_Withdraw_For_Valid_Amount",
              "fullTitle": "Testing withdraw API TC_001_Validate_Withdraw_For_Valid_Amount",
              "timedOut": null,
              "duration": 63,
              "state": "passed",
              "speed": "fast",
              "pass": true,
              "fail": false,
              "pending": false,
              "context": null,
              "code": "cy.fixture('withdraw').then(function (userData) {\n  this.userData = userData;\n  cy.request('POST', '/api/withdraw', this.userData.userData1).then(response => {\n    expect(response.status).to.eq(200);\n    expect(response.body.success).to.be.true;\n    expect(response.body.message).to.eq('Withdrawn ' + this.userData.userData1.amount + \" successfully\");\n  });\n});",
              "err": {},
              "uuid": "c48de2ea-0288-4415-b455-b37951fd2f15",
              "parentUUID": "e7844e5a-c2ca-4b91-b82d-d062b6ac3561",
              "isHook": false,
              "skipped": false
            },
            {
              "title": "TC_002_Validate_Withdraw_For_Decimal_Value",
              "fullTitle": "Testing withdraw API TC_002_Validate_Withdraw_For_Decimal_Value",
              "timedOut": null,
              "duration": 27,
              "state": "passed",
              "speed": "fast",
              "pass": true,
              "fail": false,
              "pending": false,
              "context": null,
              "code": "cy.fixture('withdraw').then(function (userData) {\n  this.userData = userData;\n  cy.request({\n    method: 'POST',\n    url: '/api/withdraw',\n    body: this.userData.userData2,\n    failOnStatusCode: false\n  }).then(response => {\n    expect(response.status).to.eq(200);\n    expect(response.body.success).to.be.true;\n    expect(response.body.message).to.eq('Withdrawn ' + this.userData.userData2.amount + \" successfully\");\n  });\n});",
              "err": {},
              "uuid": "50d03af9-8cac-4fd2-8dbb-461a222b0cc3",
              "parentUUID": "e7844e5a-c2ca-4b91-b82d-d062b6ac3561",
              "isHook": false,
              "skipped": false
            },
            {
              "title": "TC_003_Validate_Witdraw_Zero_Amount",
              "fullTitle": "Testing withdraw API TC_003_Validate_Witdraw_Zero_Amount",
              "timedOut": null,
              "duration": 28,
              "state": "passed",
              "speed": "fast",
              "pass": true,
              "fail": false,
              "pending": false,
              "context": null,
              "code": "cy.fixture('withdraw').then(function (userData) {\n  this.userData = userData;\n  cy.request({\n    method: 'POST',\n    url: '/api/withdraw',\n    body: this.userData.userData3,\n    failOnStatusCode: false\n  }).then(response => {\n    expect(response.status).to.eq(400);\n    expect(response.body.success).to.be.false;\n    expect(response.body.message).to.eq('Invalid request');\n  });\n});",
              "err": {},
              "uuid": "d03a044e-1d28-49fe-bae6-f86b9b357a78",
              "parentUUID": "e7844e5a-c2ca-4b91-b82d-d062b6ac3561",
              "isHook": false,
              "skipped": false
            },
            {
              "title": "TC_004_Validate_Withdraw_For_Negative_Value",
              "fullTitle": "Testing withdraw API TC_004_Validate_Withdraw_For_Negative_Value",
              "timedOut": null,
              "duration": 27,
              "state": "passed",
              "speed": "fast",
              "pass": true,
              "fail": false,
              "pending": false,
              "context": null,
              "code": "cy.fixture('withdraw').then(function (userData) {\n  this.userData = userData;\n  cy.request({\n    method: 'POST',\n    url: '/api/withdraw',\n    body: this.userData.userData4,\n    failOnStatusCode: false\n  }).then(response => {\n    expect(response.status).to.eq(400);\n    expect(response.body.success).to.be.false;\n    expect(response.body.message).to.eq('Insufficient balance or invalid amount');\n  });\n});",
              "err": {},
              "uuid": "c96fbbf2-20dc-4505-8b41-27cfe81306f9",
              "parentUUID": "e7844e5a-c2ca-4b91-b82d-d062b6ac3561",
              "isHook": false,
              "skipped": false
            },
            {
              "title": "TC_005_Validating_Empty_Withdraw_Payload",
              "fullTitle": "Testing withdraw API TC_005_Validating_Empty_Withdraw_Payload",
              "timedOut": null,
              "duration": 28,
              "state": "passed",
              "speed": "fast",
              "pass": true,
              "fail": false,
              "pending": false,
              "context": null,
              "code": "cy.fixture('withdraw').then(function (userData) {\n  this.userData = userData;\n  cy.request({\n    method: 'POST',\n    url: '/api/withdraw',\n    body: this.userData.userData5,\n    failOnStatusCode: false\n  }).then(response => {\n    expect(response.status).to.eq(400);\n    expect(response.body.success).to.be.false;\n    expect(response.body.message).contains('Invalid request');\n  });\n});",
              "err": {},
              "uuid": "1b448ced-dfbe-4d1b-ba2d-9cf38cf9cdda",
              "parentUUID": "e7844e5a-c2ca-4b91-b82d-d062b6ac3561",
              "isHook": false,
              "skipped": false
            }
          ],
          "suites": [],
          "passes": [
            "c48de2ea-0288-4415-b455-b37951fd2f15",
            "50d03af9-8cac-4fd2-8dbb-461a222b0cc3",
            "d03a044e-1d28-49fe-bae6-f86b9b357a78",
            "c96fbbf2-20dc-4505-8b41-27cfe81306f9",
            "1b448ced-dfbe-4d1b-ba2d-9cf38cf9cdda"
          ],
          "failures": [],
          "pending": [],
          "skipped": [],
          "duration": 173,
          "root": false,
          "rootEmpty": false,
          "_timeout": 2000
        }
      ],
      "passes": [],
      "failures": [],
      "pending": [],
      "skipped": [],
      "duration": 0,
      "root": true,
      "rootEmpty": true,
      "_timeout": 2000
    }
  ],
  "meta": {
    "mocha": {
      "version": "7.0.1"
    },
    "mochawesome": {
      "options": {
        "quiet": false,
        "reportFilename": "mochawesome",
        "saveHtml": false,
        "saveJson": true,
        "consoleReporter": "spec",
        "useInlineDiffs": false,
        "code": true
      },
      "version": "7.1.3"
    },
    "marge": {
      "options": {
        "reportDir": "cypress\\reports\\.jsons",
        "overwrite": false,
        "html": false,
        "json": true
      },
      "version": "6.2.0"
    }
  }
}