{
  "stats": {
    "suites": 1,
    "tests": 5,
    "passes": 5,
    "pending": 0,
    "failures": 0,
    "start": "2024-06-27T09:55:22.702Z",
    "end": "2024-06-27T09:55:23.020Z",
    "duration": 318,
    "testsRegistered": 5,
    "passPercent": 100,
    "pendingPercent": 0,
    "other": 0,
    "hasOther": false,
    "skipped": 0,
    "hasSkipped": false
  },
  "results": [
    {
      "uuid": "56479154-26f3-4e0c-88a3-fc3320e25523",
      "title": "",
      "fullFile": "cypress\\e2e\\send.cy.js",
      "file": "cypress\\e2e\\send.cy.js",
      "beforeHooks": [],
      "afterHooks": [],
      "tests": [],
      "suites": [
        {
          "uuid": "a80ea776-c10a-4156-952e-dd9da8e319bc",
          "title": "Testing Send API",
          "fullFile": "",
          "file": "",
          "beforeHooks": [],
          "afterHooks": [],
          "tests": [
            {
              "title": "TC_001_Validate_Send_For_Valid_User",
              "fullTitle": "Testing Send API TC_001_Validate_Send_For_Valid_User",
              "timedOut": null,
              "duration": 67,
              "state": "passed",
              "speed": "fast",
              "pass": true,
              "fail": false,
              "pending": false,
              "context": null,
              "code": "cy.fixture('send').then(function (userData) {\n  this.userData = userData;\n  cy.request('POST', '/api/send', this.userData.userData1).then(response => {\n    expect(response.status).to.eq(200);\n    expect(response.body.success).to.be.true;\n    expect(response.body.message).to.contains('Sent ' + this.userData.userData1.amount);\n  });\n});",
              "err": {},
              "uuid": "ceee7f82-8cc4-4fae-a659-7105345106b2",
              "parentUUID": "a80ea776-c10a-4156-952e-dd9da8e319bc",
              "isHook": false,
              "skipped": false
            },
            {
              "title": "TC_002_Validate_Send_For_Invalid_Recipient",
              "fullTitle": "Testing Send API TC_002_Validate_Send_For_Invalid_Recipient",
              "timedOut": null,
              "duration": 27,
              "state": "passed",
              "speed": "fast",
              "pass": true,
              "fail": false,
              "pending": false,
              "context": null,
              "code": "cy.fixture('send').then(function (userData) {\n  this.userData = userData;\n  cy.request({\n    method: 'POST',\n    url: '/api/send',\n    body: this.userData.userData2,\n    failOnStatusCode: false\n  }).then(response => {\n    expect(response.status).to.eq(404);\n    expect(response.body.success).to.be.false;\n    expect(response.body.message).to.eq(\"Recipient not found\");\n  });\n});",
              "err": {},
              "uuid": "82c81033-2ee5-4f6b-904d-d9438ebd1db1",
              "parentUUID": "a80ea776-c10a-4156-952e-dd9da8e319bc",
              "isHook": false,
              "skipped": false
            },
            {
              "title": "TC_003_Validate_Send_For_Invalid_Sender",
              "fullTitle": "Testing Send API TC_003_Validate_Send_For_Invalid_Sender",
              "timedOut": null,
              "duration": 30,
              "state": "passed",
              "speed": "fast",
              "pass": true,
              "fail": false,
              "pending": false,
              "context": null,
              "code": "cy.fixture('send').then(function (userData) {\n  this.userData = userData;\n  cy.request({\n    method: 'POST',\n    url: '/api/send',\n    body: this.userData.userData3,\n    failOnStatusCode: false\n  }).then(response => {\n    expect(response.status).to.eq(404);\n    expect(response.body.success).to.be.false;\n    expect(response.body.message).to.eq('Sender not found');\n  });\n});",
              "err": {},
              "uuid": "9d93b0e0-25a0-4621-b761-48b640c0bc65",
              "parentUUID": "a80ea776-c10a-4156-952e-dd9da8e319bc",
              "isHook": false,
              "skipped": false
            },
            {
              "title": "TC_004_Validate_Send_For_Amount_Greater_Than_Balance",
              "fullTitle": "Testing Send API TC_004_Validate_Send_For_Amount_Greater_Than_Balance",
              "timedOut": null,
              "duration": 27,
              "state": "passed",
              "speed": "fast",
              "pass": true,
              "fail": false,
              "pending": false,
              "context": null,
              "code": "cy.fixture('send').then(function (userData) {\n  this.userData = userData;\n  cy.request({\n    method: 'POST',\n    url: '/api/send',\n    body: this.userData.userData4,\n    failOnStatusCode: false\n  }).then(response => {\n    expect(response.status).to.eq(400);\n    expect(response.body.success).to.be.false;\n    expect(response.body.message).to.eq('Insufficient balance or invalid amount');\n  });\n});",
              "err": {},
              "uuid": "8e88d5e2-0071-4cb9-8905-cd589ea256dd",
              "parentUUID": "a80ea776-c10a-4156-952e-dd9da8e319bc",
              "isHook": false,
              "skipped": false
            },
            {
              "title": "TC_005_Validating_Send_For_Negative_Value",
              "fullTitle": "Testing Send API TC_005_Validating_Send_For_Negative_Value",
              "timedOut": null,
              "duration": 27,
              "state": "passed",
              "speed": "fast",
              "pass": true,
              "fail": false,
              "pending": false,
              "context": null,
              "code": "cy.fixture('send').then(function (userData) {\n  this.userData = userData;\n  cy.request({\n    method: 'POST',\n    url: '/api/send',\n    body: this.userData.userData5,\n    failOnStatusCode: false\n  }).then(response => {\n    expect(response.status).to.eq(400);\n    expect(response.body.success).to.be.false;\n    expect(response.body.message).contains('Insufficient balance or invalid amount');\n  });\n});",
              "err": {},
              "uuid": "872af6bc-bcce-4960-b609-15b803ec2621",
              "parentUUID": "a80ea776-c10a-4156-952e-dd9da8e319bc",
              "isHook": false,
              "skipped": false
            }
          ],
          "suites": [],
          "passes": [
            "ceee7f82-8cc4-4fae-a659-7105345106b2",
            "82c81033-2ee5-4f6b-904d-d9438ebd1db1",
            "9d93b0e0-25a0-4621-b761-48b640c0bc65",
            "8e88d5e2-0071-4cb9-8905-cd589ea256dd",
            "872af6bc-bcce-4960-b609-15b803ec2621"
          ],
          "failures": [],
          "pending": [],
          "skipped": [],
          "duration": 178,
          "root": false,
          "rootEmpty": false,
          "_timeout": 2000
        }
      ],
      "passes": [],
      "failures": [],
      "pending": [],
      "skipped": [],
      "duration": 0,
      "root": true,
      "rootEmpty": true,
      "_timeout": 2000
    }
  ],
  "meta": {
    "mocha": {
      "version": "7.0.1"
    },
    "mochawesome": {
      "options": {
        "quiet": false,
        "reportFilename": "mochawesome",
        "saveHtml": false,
        "saveJson": true,
        "consoleReporter": "spec",
        "useInlineDiffs": false,
        "code": true
      },
      "version": "7.1.3"
    },
    "marge": {
      "options": {
        "reportDir": "cypress\\reports\\.jsons",
        "overwrite": false,
        "html": false,
        "json": true
      },
      "version": "6.2.0"
    }
  }
}